1356106460.645626: 
1356106460.645937:  PARSEC SERVER V1.00 build 0200.
1356106460.646182: 
1356106460.646447:  Copyright (c) 1996-2002 by Alex Mastny, Andreas Varga,
1356106460.646704:  Clemens Beer, Markus Hadwiger, Stefan Poiss, Michael Woegerbauer.
1356106460.646948:  All Rights Reserved.
1356106460.647196: -------------------------------------------------------
1356106460.647447:  mailto:parsec@parsec.org         http://www.parsec.org
1356106460.647686: -------------------------------------------------------
1356106460.647907: 
1356106460.648766: executing boot_sv.con
1356106460.649034: ::load object (firebird)    type ship_1         file extra1.odt
1356106460.649955: assigned object class id: 0.
1356106460.650310: ::load object (laser_1a)    type laser_1        file extra1.odt
1356106460.650638: assigned object class id: 1.
1356106460.650972: ::load object (laser_1b)    type laser_1        file extra1.odt
1356106460.651300: assigned object class id: 2.
1356106460.651643: ::load object (miss_dumb)   type missile_1      file extra1.odt
1356106460.651959: assigned object class id: 3.
1356106460.652294: ::load object (miss_guide)  type missile_4      file extra1.odt
1356106460.652608: assigned object class id: 4.
1356106460.652933: ::load object (miss_swarm)  type missile_2      file extra1.odt
1356106460.653250: assigned object class id: 5.
1356106460.653579: ::load object (ex_energy)   type extra_1        file extra1.odt
1356106460.653881: assigned object class id: 6.
1356106460.654207: ::load object (ex_dumb)     type extra_2        file extra1.odt
1356106460.654514: assigned object class id: 7.
1356106460.654830: ::load object (cormoran)    type ship_2         file extra1.odt
1356106460.655135: assigned object class id: 8.
1356106460.655454: ::load object (bluespire)   type ship_1         file extra1.odt
1356106460.655747: assigned object class id: 9.
1356106460.656060: ::load object (ex_guide)    type extra_2        file extra1.odt
1356106460.656352: assigned object class id: 10.
1356106460.656665: ::load object (ex_helix)    type extra_3        file extra1.odt
1356106460.656951: assigned object class id: 11.
1356106460.657263: ::load object (ex_light)    type extra_3        file extra1.odt
1356106460.657551: assigned object class id: 12.
1356106460.657853: ::load object (ex_mine)     type extra_2        file extra1.odt
1356106460.658140: assigned object class id: 13.
1356106460.658453: ::load object (mine_proxy)  type mine_1         file extra1.odt
1356106460.658729: assigned object class id: 14.
1356106460.659025: ::load object (laser_2)     type laser_2        file extra1.odt
1356106460.659302: assigned object class id: 15.
1356106460.659604: ::load object (laser_3)     type laser_3        file extra1.odt
1356106460.659869: assigned object class id: 16.
1356106460.660163: ::load object (ex_repair)   type extra_1        file extra1.odt
1356106460.660440: assigned object class id: 17.
1356106460.660728: ::load object (ex_aburn)    type extra_3        file extra1.odt
1356106460.660989: assigned object class id: 18.
1356106460.661279: ::load object (ex_flare)    type extra_2        file extra1.odt
1356106460.661542: assigned object class id: 19.
1356106460.661823: ::load object (ex_invis)  type extra_3        file extra1.odt
1356106460.662085: assigned object class id: 20.
1356106460.662362: ::load object (ex_x2)   type extra_3        file extra1.odt
1356106460.662614: assigned object class id: 21.
1356106460.662891: ::load object (ex_x3)   type extra_3        file extra1.odt
1356106460.663140: assigned object class id: 22.
1356106460.663421: ::load object (ex_laser2)  type extra_2        file extra1.odt
1356106460.663665: assigned object class id: 23.
1356106460.663930: ::load object (ex_laser3)  type extra_2        file extra1.odt
1356106460.664329: assigned object class id: 24.
1356106460.664718: ::load object (ex_invul)  type extra_3        file extra1.odt
1356106460.665105: assigned object class id: 25.
1356106460.665485: ::sv.objectclasses.overloading 1
1356106460.665780: ::_f1_2
1356106460.666355: ignoring textures.
1356106460.666756: ignoring textures.
1356106460.667135: ignoring textures.
1356106460.667513: ignoring textures.
1356106460.667887: ignoring textures.
1356106460.668264: ignoring textures.
1356106460.668640: ignoring textures.
1356106460.669012: ignoring textures.
1356106460.669394: ignoring textures.
1356106460.670410: overwrote object class id: 0.
1356106460.671475: ::_f2_2
1356106460.672035: ignoring textures.
1356106460.672415: ignoring textures.
1356106460.672786: ignoring textures.
1356106460.673158: ignoring textures.
1356106460.673529: ignoring textures.
1356106460.673896: ignoring textures.
1356106460.674267: ignoring textures.
1356106460.674635: ignoring textures.
1356106460.675000: ignoring textures.
1356106460.675368: ignoring textures.
1356106460.675736: ignoring textures.
1356106460.676102: ignoring textures.
1356106460.676685: ignoring textures.
1356106460.677048: ignoring textures.
1356106460.677412: ignoring textures.
1356106460.677671: ignoring textures.
1356106460.678959: overwrote object class id: 9.
1356106460.680161: ::_f3_2
1356106460.680589: ignoring textures.
1356106460.680844: ignoring textures.
1356106460.681102: ignoring textures.
1356106460.681353: ignoring textures.
1356106460.681611: ignoring textures.
1356106460.681862: ignoring textures.
1356106460.682115: ignoring textures.
1356106460.683525: overwrote object class id: 8.
1356106460.684472: ::_f4_2
1356106460.684885: ignoring textures.
1356106460.685138: ignoring textures.
1356106460.685387: ignoring textures.
1356106460.685632: ignoring textures.
1356106460.685875: ignoring textures.
1356106460.686123: ignoring textures.
1356106460.686901: assigned object class id: 26.
1356106460.687876: ::_f5_2
1356106460.688285: ignoring textures.
1356106460.688530: ignoring textures.
1356106460.688771: ignoring textures.
1356106460.689011: ignoring textures.
1356106460.689252: ignoring textures.
1356106460.690694: assigned object class id: 27.
1356106460.691679: ::_f6_2
1356106460.692080: ignoring textures.
1356106460.692321: ignoring textures.
1356106460.692560: ignoring textures.
1356106460.692796: ignoring textures.
1356106460.693031: ignoring textures.
1356106460.693271: ignoring textures.
1356106460.693510: ignoring textures.
1356106460.693746: ignoring textures.
1356106460.693980: ignoring textures.
1356106460.694219: ignoring textures.
1356106460.694457: ignoring textures.
1356106460.694692: ignoring textures.
1356106460.694927: ignoring textures.
1356106460.695164: ignoring textures.
1356106460.695400: ignoring textures.
1356106460.695632: ignoring textures.
1356106460.695863: ignoring textures.
1356106460.696100: ignoring textures.
1356106460.696331: ignoring textures.
1356106460.700863: assigned object class id: 28.
1356106460.701854: ::_f7_2
1356106460.702258: ignoring textures.
1356106460.702498: ignoring textures.
1356106460.702733: ignoring textures.
1356106460.702967: ignoring textures.
1356106460.703205: ignoring textures.
1356106460.703444: ignoring textures.
1356106460.703678: ignoring textures.
1356106460.703913: ignoring textures.
1356106460.704152: ignoring textures.
1356106460.704387: ignoring textures.
1356106460.716571: assigned object class id: 29.
1356106460.717533: ::_f8_2
1356106460.717931: ignoring textures.
1356106460.718172: ignoring textures.
1356106460.718410: ignoring textures.
1356106460.718644: ignoring textures.
1356106460.718877: ignoring textures.
1356106460.728950: assigned object class id: 30.
1356106460.730023: ::write loading power-ups
1356106460.730419: ::load object (ex_energy) file (lgdev_02.od2 lgdev_01.od2 lgdev.od2 lgdev_00.od2) lodmag (110 340 1200) lodmin (160 400 1300) flags (f_anims p_wedges w_normals w_lighted)
1356106460.730621: name must be unique.
1356106460.730854: ::propc (ex_energy).rotx 30
1356106460.731061: ::propc (ex_energy).roty 20
1356106460.731270: ::propc (ex_energy).rotz  0
1356106460.731486: ::load object (ex_dumb) file mpack.od2 flags (f_anims p_wedges w_normals w_lighted)
1356106460.731689: name must be unique.
1356106460.731925: ::propc (ex_dumb).rotx 30
1356106460.732136: ::propc (ex_dumb).roty 20
1356106460.732366: ::propc (ex_dumb).rotz  0
1356106460.732583: ::load object (ex_guide) file mpack.od2 flags (f_anims p_wedges w_normals w_lighted)
1356106460.732787: name must be unique.
1356106460.733024: ::propc (ex_guide).rotx 30
1356106460.733238: ::propc (ex_guide).roty 20
1356106460.733450: ::propc (ex_guide).rotz  0
1356106460.733672: ::load object (ex_flare) file (in01b00a.od2 in01c00a.od2 in01d00a.od2 in01e00a.od2) lodmag (60 200 900) lodmin (80 250 950) flags (f_anims v_anims)
1356106460.733878: name must be unique.
1356106460.734122: ::propc (ex_flare).rotx 30
1356106460.734332: ::propc (ex_flare).roty 20
1356106460.734545: ::propc (ex_flare).rotz  0
1356106460.734772: ::load object (ex_helix) file (hc01_00a.od2 hc01a00a.od2 hc01b00a.od2 hc01c00a.od2 ) lodmag (60 200 800) lodmin (80 250 850) flags (f_anims p_wedges w_normals w_lighted)
1356106460.734980: name must be unique.
1356106460.735226: ::propc (ex_helix).rotx 30
1356106460.735445: ::propc (ex_helix).roty 20
1356106460.735658: ::propc (ex_helix).rotz  0
1356106460.735893: ::load object (ex_light) file (ld01_00a.od2 ld01a00a.od2 ld01b00a.od2 ld01c00a.od2) lodmag (120 370 800) lodmin (150 400 850) flags (f_anims p_wedges w_normals w_lighted)
1356106460.736109: name must be unique.
1356106460.736356: ::propc (ex_light).rotx 18
1356106460.736576: ::propc (ex_light).roty 24
1356106460.736793: ::propc (ex_light).rotz  5
1356106460.737026: ::load object (ex_invul) file (in01b00a.od2 in01c00a.od2 in01d00a.od2 in01e00a.od2) lodmag (60 200 900) lodmin (80 250 950) flags (f_anims v_anims) type extra_3
1356106460.737245: name must be unique.
1356106460.737498: ::propc (ex_invul).rotx 25
1356106460.737719: ::propc (ex_invul).roty 20
1356106460.737941: ::propc (ex_invul).rotz  5
1356106460.738176: ::load object (ex_repair) file (re01_00a.od2) flags (f_anims p_wedges w_normals w_lighted) maxfanims 2
1356106460.738398: name must be unique.
1356106460.738653: ::propc (ex_repair).rotx 30
1356106460.738876: ::propc (ex_repair).roty 20
1356106460.739103: ::propc (ex_repair).rotz  0
1356106460.739335: ::load object (mine_proxy) file (mi01_00a.od2 mi01a00a.od2) lodmag 400 lodmin 450 flags (f_anims v_anims) maxfanims 3
1356106460.739556: name must be unique.
1356106460.739813: ::propc (mine_proxy).rotx 15
1356106460.740037: ::propc (mine_proxy).roty  8
1356106460.740266: ::propc (mine_proxy).rotz 24
1356106460.740499: ::load object (ex_mine) file mi01a00a.od2 flags (f_anims v_anims)
1356106460.740720: name must be unique.
1356106460.740979: ::propc (ex_mine).rotx 30
1356106460.741211: ::propc (ex_mine).roty 20
1356106460.741443: ::propc (ex_mine).rotz  0
1356106460.741683: ::load object (ex_aburn) file (in01b00a.od2 in01c00a.od2 in01d00a.od2 in01e00a.od2) lodmag (60 200 900) lodmin (80 250 950) flags (f_anims v_anims)
1356106460.741907: name must be unique.
1356106460.742174: ::propc (ex_aburn).rotx 25
1356106460.742405: ::propc (ex_aburn).roty 20
1356106460.742634: ::propc (ex_aburn).rotz  5
1356106460.742877: ::load object (ex_laser2) type extra_3 file (lc03_00a.od2 lc03a00a.od2 lc03b00a.od2) lodmag (400 800) lodmin (450 900) flags (f_anims p_wedges w_normals w_lighted)
1356106460.743108: name must be unique.
1356106460.743372: ::propc (ex_laser2).rotx 25
1356106460.743606: ::propc (ex_laser2).roty 20
1356106460.743836: ::propc (ex_laser2).rotz  5
1356106460.744084: ::load object (ex_laser3) type extra_3 file (lc02_00a.od2 lc02a00a.od2 lc02b00a.od2) lodmag (400 800) lodmin (450 900) flags (f_anims p_wedges w_normals w_lighted)
1356106460.744310: name must be unique.
1356106460.744578: ::propc (ex_laser3).rotx 25
1356106460.744808: ::propc (ex_laser3).roty 20
1356106460.745039: ::propc (ex_laser3).rotz  5
1356106460.745289: ::load object (ex_x2) type extra_3 file (pc01_00a.od2 pc01a00a.od2 pc01b00a.od2 pc01e00a.od2) lodmag (60 200 800) lodmin (80 250 850) flags (f_anims p_wedges w_normals w_lighted)
1356106460.745528: name must be unique.
1356106460.745793: ::propc (ex_x2).rotx 30
1356106460.746024: ::propc (ex_x2).roty 20
1356106460.746258: ::propc (ex_x2).rotz  0
1356106460.746518: ::load object (ex_x3) file (in01b00a.od2 in01c00a.od2 in01d00a.od2 in01e00a.od2) lodmag (60 200 900) lodmin (80 250 950) flags (f_anims v_anims) type extra_3
1356106460.746746: name must be unique.
1356106460.747012: ::propc (ex_x3).rotx 25
1356106460.747247: ::propc (ex_x3).roty 20
1356106460.747482: ::propc (ex_x3).rotz  5
1356106460.747721: ::load object (ex_emp) file (em01_00a.od2) flags (f_anims p_wedges w_normals w_lighted) type extra_3
1356106460.748972: assigned object class id: 31.
1356106460.749250: ::propc (ex_emp).rotx 30
1356106460.749486: ::propc (ex_emp).roty 20
1356106460.749718: ::propc (ex_emp).rotz  0
1356106460.749951: ::extraclass class (ex_emp)
1356106460.750190: ::load object (ex_emp2) file (em01_00a.od2) flags (f_anims p_wedges w_normals w_lighted) type extra_3
1356106460.751419: assigned object class id: 32.
1356106460.751693: ::propc (ex_emp2).rotx 30
1356106460.751925: ::propc (ex_emp2).roty 20
1356106460.752159: ::propc (ex_emp2).rotz  0
1356106460.752394: ::extraclass class (ex_emp2)
1356106460.752624: ::load object (laser_1a)  type laser_1  file phaser1.bin
1356106460.752849: name must be unique.
1356106460.753137: ::sv.objectclasses.overloading 0
1356106460.753370: ::load object  stargate    file stargate.odt type stargate
1356106460.754231: assigned object class id: 33.
1356106460.754508: ::propc missl1.hitpoints    14
1356106460.754738: ::propc missl2.hitpoints     7
1356106460.754969: ::propc mine1.hitpoints     35
1356106460.755202: ::prop laser_1.hitpoints     4
1356106460.755437: ::prop laser_1.energy        4
1356106460.755667: ::prop laser_2.hitpoints     6
1356106460.755898: ::prop laser_2.energy        5
1356106460.756130: ::prop laser_3.hitpoints     7
1356106460.756360: ::prop laser_3.energy        5
1356106460.756590: ::nebula.id 5
1356106460.756816: ::extras.max                35
1356106460.757042: ::energy.boost              360
1356106460.757272: ::repair.boost              20
1356106460.757503: ::pack.dumb.size             2
1356106460.757728: ::pack.guide.size            2
1356106460.757953: ::pack.mine.size             4
1356106460.758182: ::pack.swarm.size            1
1356106460.758412: ::prob.energyfield           6
1356106460.758638: ::prob.helix                 4
1356106460.758862: ::prob.lightning             4
1356106460.759091: ::prob.photon                0
1356106460.759315: ::prob.mine                  4
1356106460.759553: ::prob.lupgrade             24
1356106460.759779: ::prob.misspack             20 
1356106460.760003: ::prob.repair                7
1356106460.760231: ::prob.aburner               2
1356106460.760461: ::prob.invulnerable          0
1356106460.760686: ::prob.lupgrade1            60
1356106460.760910: ::prob.lupgrade2            40
1356106460.761137: ::prob.dumb                 42
1356106460.761361: ::prob.guide                56
1356106460.761587: ::prob.swarm                2
1356106460.761811: ::sv.conf    name   philtopia  
1356106460.762032: ::sv.conf    maxplayers  16
1356106460.762283: ::sv.conf    simfreq  100
1356106460.762522: ::sv.serverid   10
1356106460.762745: ::sv.fedid   0
1356106460.762975: ::------------------------------------------------------------------------------
1356106460.763208: unknown command: "------------------------------------------------------------------------------"
1356106460.763431: ::sv.game.killlimit   15
1356106460.763654: ::sv.game.restart.timeout  10
1356106460.763876: ::sv.game.extras.autocreate 1
1356106460.764102: ::sv.game.extras.max   25
1356106460.764324: ::sv.game.extras.testplace 0
1356106460.764564: 
Script execution done.
1356106460.764788: Initializing TCP/IP stack...
1356106460.765039: skipping loopback interface
1356106460.765260: found interface #0: 172.20.0.248
1356106460.765509: IP address: 172.20.0.248:6582
1356106946.250987: ::quit
1356106946.253036: UTL_MemManager::CheckLeaks(): leaked pointer 8ab4860 (../libparsec/include/e_relist.h, E_REList::CreateAndAddRef())
1356111238.070199: 
1356111238.070436:  PARSEC SERVER V1.00 build 0200.
1356111238.070630: 
1356111238.070875:  Copyright (c) 1996-2002 by Alex Mastny, Andreas Varga,
1356111238.071078:  Clemens Beer, Markus Hadwiger, Stefan Poiss, Michael Woegerbauer.
1356111238.071280:  All Rights Reserved.
1356111238.071467: -------------------------------------------------------
1356111238.071664:  mailto:parsec@parsec.org         http://www.parsec.org
1356111238.071848: -------------------------------------------------------
1356111238.072022: 
1356111238.072611: executing boot_sv.con
1356111238.072816: ::load object (firebird)    type ship_1         file extra1.odt
1356111238.073179: assigned object class id: 0.
1356111238.073386: ::load object (laser_1a)    type laser_1        file extra1.odt
1356111238.073675: assigned object class id: 1.
1356111238.073875: ::load object (laser_1b)    type laser_1        file extra1.odt
1356111238.074139: assigned object class id: 2.
1356111238.074337: ::load object (miss_dumb)   type missile_1      file extra1.odt
1356111238.074603: assigned object class id: 3.
1356111238.074799: ::load object (miss_guide)  type missile_4      file extra1.odt
1356111238.075055: assigned object class id: 4.
1356111238.075247: ::load object (miss_swarm)  type missile_2      file extra1.odt
1356111238.075504: assigned object class id: 5.
1356111238.075708: ::load object (ex_energy)   type extra_1        file extra1.odt
1356111238.075956: assigned object class id: 6.
1356111238.076142: ::load object (ex_dumb)     type extra_2        file extra1.odt
1356111238.076387: assigned object class id: 7.
1356111238.076569: ::load object (cormoran)    type ship_2         file extra1.odt
1356111238.076815: assigned object class id: 8.
1356111238.076999: ::load object (bluespire)   type ship_1         file extra1.odt
1356111238.077250: assigned object class id: 9.
1356111238.077432: ::load object (ex_guide)    type extra_2        file extra1.odt
1356111238.077673: assigned object class id: 10.
1356111238.077842: ::load object (ex_helix)    type extra_3        file extra1.odt
1356111238.078078: assigned object class id: 11.
1356111238.078245: ::load object (ex_light)    type extra_3        file extra1.odt
1356111238.078471: assigned object class id: 12.
1356111238.078646: ::load object (ex_mine)     type extra_2        file extra1.odt
1356111238.078879: assigned object class id: 13.
1356111238.079056: ::load object (mine_proxy)  type mine_1         file extra1.odt
1356111238.079279: assigned object class id: 14.
1356111238.079437: ::load object (laser_2)     type laser_2        file extra1.odt
1356111238.079658: assigned object class id: 15.
1356111238.079817: ::load object (laser_3)     type laser_3        file extra1.odt
1356111238.080029: assigned object class id: 16.
1356111238.080193: ::load object (ex_repair)   type extra_1        file extra1.odt
1356111238.080404: assigned object class id: 17.
1356111238.080562: ::load object (ex_aburn)    type extra_3        file extra1.odt
1356111238.080769: assigned object class id: 18.
1356111238.080933: ::load object (ex_flare)    type extra_2        file extra1.odt
1356111238.081135: assigned object class id: 19.
1356111238.081278: ::load object (ex_invis)  type extra_3        file extra1.odt
1356111238.081480: assigned object class id: 20.
1356111238.081626: ::load object (ex_x2)   type extra_3        file extra1.odt
1356111238.081819: assigned object class id: 21.
1356111238.081962: ::load object (ex_x3)   type extra_3        file extra1.odt
1356111238.082163: assigned object class id: 22.
1356111238.082303: ::load object (ex_laser2)  type extra_2        file extra1.odt
1356111238.082489: assigned object class id: 23.
1356111238.082643: ::load object (ex_laser3)  type extra_2        file extra1.odt
1356111238.082975: assigned object class id: 24.
1356111238.083254: ::load object (ex_invul)  type extra_3        file extra1.odt
1356111238.083585: assigned object class id: 25.
1356111238.083860: ::sv.objectclasses.overloading 1
1356111238.084104: ::_f1_2
1356111238.084559: ignoring textures.
1356111238.084846: ignoring textures.
1356111238.085126: ignoring textures.
1356111238.085429: ignoring textures.
1356111238.085715: ignoring textures.
1356111238.085992: ignoring textures.
1356111238.086279: ignoring textures.
1356111238.086554: ignoring textures.
1356111238.086842: ignoring textures.
1356111238.087766: overwrote object class id: 0.
1356111238.088737: ::_f2_2
1356111238.089182: ignoring textures.
1356111238.089458: ignoring textures.
1356111238.089738: ignoring textures.
1356111238.090011: ignoring textures.
1356111238.090294: ignoring textures.
1356111238.090567: ignoring textures.
1356111238.090853: ignoring textures.
1356111238.091132: ignoring textures.
1356111238.091405: ignoring textures.
1356111238.091681: ignoring textures.
1356111238.091949: ignoring textures.
1356111238.092214: ignoring textures.
1356111238.092489: ignoring textures.
1356111238.092765: ignoring textures.
1356111238.093029: ignoring textures.
1356111238.093296: ignoring textures.
1356111238.094343: overwrote object class id: 9.
1356111238.095282: ::_f3_2
1356111238.095712: ignoring textures.
1356111238.095976: ignoring textures.
1356111238.096236: ignoring textures.
1356111238.096500: ignoring textures.
1356111238.096772: ignoring textures.
1356111238.097034: ignoring textures.
1356111238.097290: ignoring textures.
1356111238.098707: overwrote object class id: 8.
1356111238.099667: ::_f4_2
1356111238.100088: ignoring textures.
1356111238.100344: ignoring textures.
1356111238.100604: ignoring textures.
1356111238.100857: ignoring textures.
1356111238.101120: ignoring textures.
1356111238.101373: ignoring textures.
1356111238.102164: assigned object class id: 26.
1356111238.103158: ::_f5_2
1356111238.103568: ignoring textures.
1356111238.103828: ignoring textures.
1356111238.104082: ignoring textures.
1356111238.104348: ignoring textures.
1356111238.104598: ignoring textures.
1356111238.106056: assigned object class id: 27.
1356111238.107050: ::_f6_2
1356111238.107453: ignoring textures.
1356111238.107712: ignoring textures.
1356111238.107954: ignoring textures.
1356111238.108201: ignoring textures.
1356111238.108448: ignoring textures.
1356111238.108734: ignoring textures.
1356111238.108985: ignoring textures.
1356111238.109228: ignoring textures.
1356111238.109484: ignoring textures.
1356111238.109731: ignoring textures.
1356111238.109978: ignoring textures.
1356111238.110228: ignoring textures.
1356111238.110476: ignoring textures.
1356111238.110735: ignoring textures.
1356111238.110997: ignoring textures.
1356111238.111256: ignoring textures.
1356111238.111497: ignoring textures.
1356111238.111742: ignoring textures.
1356111238.111985: ignoring textures.
1356111238.116552: assigned object class id: 28.
1356111238.117543: ::_f7_2
1356111238.117952: ignoring textures.
1356111238.118196: ignoring textures.
1356111238.118439: ignoring textures.
1356111238.118685: ignoring textures.
1356111238.118949: ignoring textures.
1356111238.119198: ignoring textures.
1356111238.119457: ignoring textures.
1356111238.119719: ignoring textures.
1356111238.119965: ignoring textures.
1356111238.120208: ignoring textures.
1356111238.132473: assigned object class id: 29.
1356111238.133445: ::_f8_2
1356111238.133854: ignoring textures.
1356111238.134104: ignoring textures.
1356111238.134355: ignoring textures.
1356111238.134622: ignoring textures.
1356111238.134864: ignoring textures.
1356111238.144969: assigned object class id: 30.
1356111238.146055: ::write loading power-ups
1356111238.146453: ::load object (ex_energy) file (lgdev_02.od2 lgdev_01.od2 lgdev.od2 lgdev_00.od2) lodmag (110 340 1200) lodmin (160 400 1300) flags (f_anims p_wedges w_normals w_lighted)
1356111238.146661: name must be unique.
1356111238.146904: ::propc (ex_energy).rotx 30
1356111238.147118: ::propc (ex_energy).roty 20
1356111238.147336: ::propc (ex_energy).rotz  0
1356111238.147554: ::load object (ex_dumb) file mpack.od2 flags (f_anims p_wedges w_normals w_lighted)
1356111238.147762: name must be unique.
1356111238.148019: ::propc (ex_dumb).rotx 30
1356111238.148240: ::propc (ex_dumb).roty 20
1356111238.148457: ::propc (ex_dumb).rotz  0
1356111238.148680: ::load object (ex_guide) file mpack.od2 flags (f_anims p_wedges w_normals w_lighted)
1356111238.148905: name must be unique.
1356111238.149154: ::propc (ex_guide).rotx 30
1356111238.149367: ::propc (ex_guide).roty 20
1356111238.149583: ::propc (ex_guide).rotz  0
1356111238.149809: ::load object (ex_flare) file (in01b00a.od2 in01c00a.od2 in01d00a.od2 in01e00a.od2) lodmag (60 200 900) lodmin (80 250 950) flags (f_anims v_anims)
1356111238.150019: name must be unique.
1356111238.150274: ::propc (ex_flare).rotx 30
1356111238.150488: ::propc (ex_flare).roty 20
1356111238.150706: ::propc (ex_flare).rotz  0
1356111238.150936: ::load object (ex_helix) file (hc01_00a.od2 hc01a00a.od2 hc01b00a.od2 hc01c00a.od2 ) lodmag (60 200 800) lodmin (80 250 850) flags (f_anims p_wedges w_normals w_lighted)
1356111238.151148: name must be unique.
1356111238.151419: ::propc (ex_helix).rotx 30
1356111238.151641: ::propc (ex_helix).roty 20
1356111238.151859: ::propc (ex_helix).rotz  0
1356111238.152101: ::load object (ex_light) file (ld01_00a.od2 ld01a00a.od2 ld01b00a.od2 ld01c00a.od2) lodmag (120 370 800) lodmin (150 400 850) flags (f_anims p_wedges w_normals w_lighted)
1356111238.152317: name must be unique.
1356111238.152594: ::propc (ex_light).rotx 18
1356111238.152815: ::propc (ex_light).roty 24
1356111238.153035: ::propc (ex_light).rotz  5
1356111238.153272: ::load object (ex_invul) file (in01b00a.od2 in01c00a.od2 in01d00a.od2 in01e00a.od2) lodmag (60 200 900) lodmin (80 250 950) flags (f_anims v_anims) type extra_3
1356111238.153492: name must be unique.
1356111238.153761: ::propc (ex_invul).rotx 25
1356111238.153986: ::propc (ex_invul).roty 20
1356111238.154211: ::propc (ex_invul).rotz  5
1356111238.154444: ::load object (ex_repair) file (re01_00a.od2) flags (f_anims p_wedges w_normals w_lighted) maxfanims 2
1356111238.154671: name must be unique.
1356111238.154936: ::propc (ex_repair).rotx 30
1356111238.155163: ::propc (ex_repair).roty 20
1356111238.155388: ::propc (ex_repair).rotz  0
1356111238.155627: ::load object (mine_proxy) file (mi01_00a.od2 mi01a00a.od2) lodmag 400 lodmin 450 flags (f_anims v_anims) maxfanims 3
1356111238.155849: name must be unique.
1356111238.156119: ::propc (mine_proxy).rotx 15
1356111238.156349: ::propc (mine_proxy).roty  8
1356111238.156579: ::propc (mine_proxy).rotz 24
1356111238.156813: ::load object (ex_mine) file mi01a00a.od2 flags (f_anims v_anims)
1356111238.157038: name must be unique.
1356111238.157319: ::propc (ex_mine).rotx 30
1356111238.157550: ::propc (ex_mine).roty 20
1356111238.157784: ::propc (ex_mine).rotz  0
1356111238.158028: ::load object (ex_aburn) file (in01b00a.od2 in01c00a.od2 in01d00a.od2 in01e00a.od2) lodmag (60 200 900) lodmin (80 250 950) flags (f_anims v_anims)
1356111238.158257: name must be unique.
1356111238.158530: ::propc (ex_aburn).rotx 25
1356111238.158764: ::propc (ex_aburn).roty 20
1356111238.158996: ::propc (ex_aburn).rotz  5
1356111238.159244: ::load object (ex_laser2) type extra_3 file (lc03_00a.od2 lc03a00a.od2 lc03b00a.od2) lodmag (400 800) lodmin (450 900) flags (f_anims p_wedges w_normals w_lighted)
1356111238.159475: name must be unique.
1356111238.159752: ::propc (ex_laser2).rotx 25
1356111238.159986: ::propc (ex_laser2).roty 20
1356111238.160220: ::propc (ex_laser2).rotz  5
1356111238.160468: ::load object (ex_laser3) type extra_3 file (lc02_00a.od2 lc02a00a.od2 lc02b00a.od2) lodmag (400 800) lodmin (450 900) flags (f_anims p_wedges w_normals w_lighted)
1356111238.160723: name must be unique.
1356111238.161007: ::propc (ex_laser3).rotx 25
1356111238.161242: ::propc (ex_laser3).roty 20
1356111238.161475: ::propc (ex_laser3).rotz  5
1356111238.161727: ::load object (ex_x2) type extra_3 file (pc01_00a.od2 pc01a00a.od2 pc01b00a.od2 pc01e00a.od2) lodmag (60 200 800) lodmin (80 250 850) flags (f_anims p_wedges w_normals w_lighted)
1356111238.161957: name must be unique.
1356111238.162235: ::propc (ex_x2).rotx 30
1356111238.162469: ::propc (ex_x2).roty 20
1356111238.162706: ::propc (ex_x2).rotz  0
1356111238.162954: ::load object (ex_x3) file (in01b00a.od2 in01c00a.od2 in01d00a.od2 in01e00a.od2) lodmag (60 200 900) lodmin (80 250 950) flags (f_anims v_anims) type extra_3
1356111238.163199: name must be unique.
1356111238.163484: ::propc (ex_x3).rotx 25
1356111238.163725: ::propc (ex_x3).roty 20
1356111238.163959: ::propc (ex_x3).rotz  5
1356111238.164202: ::load object (ex_emp) file (em01_00a.od2) flags (f_anims p_wedges w_normals w_lighted) type extra_3
1356111238.165456: assigned object class id: 31.
1356111238.165738: ::propc (ex_emp).rotx 30
1356111238.165973: ::propc (ex_emp).roty 20
1356111238.166209: ::propc (ex_emp).rotz  0
1356111238.166444: ::extraclass class (ex_emp)
1356111238.166688: ::load object (ex_emp2) file (em01_00a.od2) flags (f_anims p_wedges w_normals w_lighted) type extra_3
1356111238.167920: assigned object class id: 32.
1356111238.168207: ::propc (ex_emp2).rotx 30
1356111238.168442: ::propc (ex_emp2).roty 20
1356111238.168679: ::propc (ex_emp2).rotz  0
1356111238.168913: ::extraclass class (ex_emp2)
1356111238.169148: ::load object (laser_1a)  type laser_1  file phaser1.bin
1356111238.169375: name must be unique.
1356111238.169664: ::sv.objectclasses.overloading 0
1356111238.169900: ::load object  stargate    file stargate.odt type stargate
1356111238.170758: assigned object class id: 33.
1356111238.171042: ::propc missl1.hitpoints    14
1356111238.171276: ::propc missl2.hitpoints     7
1356111238.171508: ::propc mine1.hitpoints     35
1356111238.171742: ::prop laser_1.hitpoints     4
1356111238.171976: ::prop laser_1.energy        4
1356111238.172209: ::prop laser_2.hitpoints     6
1356111238.172441: ::prop laser_2.energy        5
1356111238.172678: ::prop laser_3.hitpoints     7
1356111238.172911: ::prop laser_3.energy        5
1356111238.173143: ::nebula.id 5
1356111238.173372: ::extras.max                35
1356111238.173606: ::energy.boost              360
1356111238.173835: ::repair.boost              20
1356111238.174064: ::pack.dumb.size             2
1356111238.174293: ::pack.guide.size            2
1356111238.174522: ::pack.mine.size             4
1356111238.174754: ::pack.swarm.size            1
1356111238.174984: ::prob.energyfield           6
1356111238.175213: ::prob.helix                 4
1356111238.175441: ::prob.lightning             4
1356111238.175674: ::prob.photon                0
1356111238.175902: ::prob.mine                  4
1356111238.176131: ::prob.lupgrade             24
1356111238.176359: ::prob.misspack             20 
1356111238.176589: ::prob.repair                7
1356111238.176817: ::prob.aburner               2
1356111238.177044: ::prob.invulnerable          0
1356111238.177273: ::prob.lupgrade1            60
1356111238.177500: ::prob.lupgrade2            40
1356111238.177730: ::prob.dumb                 42
1356111238.177957: ::prob.guide                56
1356111238.178184: ::prob.swarm                2
1356111238.178418: ::------------------------------------------------------------------------------
1356111238.178655: unknown command: "------------------------------------------------------------------------------"
1356111238.178883: ::sv.masterserver.conf   name master.openparsec.com interval 5
1356111238.179110: ::sv.masterserver.sendheartbeat 1
1356111238.179336: ::write loading map
1356111238.179759: ::intlev
1356111238.179983: unknown command: "intlev"
1356111238.180217: 
Script execution done.
1356111238.180448: Initializing TCP/IP stack...
1356111238.180712: skipping loopback interface
1356111238.180933: found interface #0: 172.20.0.248
1356111238.181182: IP address: 172.20.0.248:6582
1356111252.580902: ::quit
1356111252.583020: UTL_MemManager::CheckLeaks(): leaked pointer 84c8860 (../libparsec/include/e_relist.h, E_REList::CreateAndAddRef())
1356111872.697062: 
1356111872.697296:  PARSEC SERVER V1.00 build 0200.
1356111872.697488: 
1356111872.697693:  Copyright (c) 1996-2002 by Alex Mastny, Andreas Varga,
1356111872.697893:  Clemens Beer, Markus Hadwiger, Stefan Poiss, Michael Woegerbauer.
1356111872.698095:  All Rights Reserved.
1356111872.698283: -------------------------------------------------------
1356111872.698504:  mailto:parsec@parsec.org         http://www.parsec.org
1356111872.698688: -------------------------------------------------------
1356111872.698864: 
1356111872.699461: executing boot_sv.con
1356111872.699669: ::load object (firebird)    type ship_1         file extra1.odt
1356111872.700089: assigned object class id: 0.
1356111872.700298: ::load object (laser_1a)    type laser_1        file extra1.odt
1356111872.700572: assigned object class id: 1.
1356111872.700776: ::load object (laser_1b)    type laser_1        file extra1.odt
1356111872.701056: assigned object class id: 2.
1356111872.701258: ::load object (miss_dumb)   type missile_1      file extra1.odt
1356111872.701524: assigned object class id: 3.
1356111872.701721: ::load object (miss_guide)  type missile_4      file extra1.odt
1356111872.701980: assigned object class id: 4.
1356111872.702178: ::load object (miss_swarm)  type missile_2      file extra1.odt
1356111872.702446: assigned object class id: 5.
1356111872.702639: ::load object (ex_energy)   type extra_1        file extra1.odt
1356111872.702904: assigned object class id: 6.
1356111872.703098: ::load object (ex_dumb)     type extra_2        file extra1.odt
1356111872.703354: assigned object class id: 7.
1356111872.703541: ::load object (cormoran)    type ship_2         file extra1.odt
1356111872.703799: assigned object class id: 8.
1356111872.703982: ::load object (bluespire)   type ship_1         file extra1.odt
1356111872.704241: assigned object class id: 9.
1356111872.704422: ::load object (ex_guide)    type extra_2        file extra1.odt
1356111872.704660: assigned object class id: 10.
1356111872.704837: ::load object (ex_helix)    type extra_3        file extra1.odt
1356111872.705080: assigned object class id: 11.
1356111872.705254: ::load object (ex_light)    type extra_3        file extra1.odt
1356111872.705484: assigned object class id: 12.
1356111872.705655: ::load object (ex_mine)     type extra_2        file extra1.odt
1356111872.705884: assigned object class id: 13.
1356111872.706057: ::load object (mine_proxy)  type mine_1         file extra1.odt
1356111872.706278: assigned object class id: 14.
1356111872.706444: ::load object (laser_2)     type laser_2        file extra1.odt
1356111872.706658: assigned object class id: 15.
1356111872.706822: ::load object (laser_3)     type laser_3        file extra1.odt
1356111872.707040: assigned object class id: 16.
1356111872.707204: ::load object (ex_repair)   type extra_1        file extra1.odt
1356111872.707435: assigned object class id: 17.
1356111872.707593: ::load object (ex_aburn)    type extra_3        file extra1.odt
1356111872.707829: assigned object class id: 18.
1356111872.707983: ::load object (ex_flare)    type extra_2        file extra1.odt
1356111872.708192: assigned object class id: 19.
1356111872.708346: ::load object (ex_invis)  type extra_3        file extra1.odt
1356111872.708552: assigned object class id: 20.
1356111872.708704: ::load object (ex_x2)   type extra_3        file extra1.odt
1356111872.708897: assigned object class id: 21.
1356111872.709047: ::load object (ex_x3)   type extra_3        file extra1.odt
1356111872.709243: assigned object class id: 22.
1356111872.709390: ::load object (ex_laser2)  type extra_2        file extra1.odt
1356111872.709576: assigned object class id: 23.
1356111872.709722: ::load object (ex_laser3)  type extra_2        file extra1.odt
1356111872.710065: assigned object class id: 24.
1356111872.710360: ::load object (ex_invul)  type extra_3        file extra1.odt
1356111872.710688: assigned object class id: 25.
1356111872.710978: ::sv.objectclasses.overloading 1
1356111872.711229: ::_f1_2
1356111872.711685: ignoring textures.
1356111872.711967: ignoring textures.
1356111872.712258: ignoring textures.
1356111872.712538: ignoring textures.
1356111872.712820: ignoring textures.
1356111872.713114: ignoring textures.
1356111872.713401: ignoring textures.
1356111872.713687: ignoring textures.
1356111872.713964: ignoring textures.
1356111872.714887: overwrote object class id: 0.
1356111872.715884: ::_f2_2
1356111872.716343: ignoring textures.
1356111872.716620: ignoring textures.
1356111872.716897: ignoring textures.
1356111872.717215: ignoring textures.
1356111872.717491: ignoring textures.
1356111872.717767: ignoring textures.
1356111872.718050: ignoring textures.
1356111872.718328: ignoring textures.
1356111872.718602: ignoring textures.
1356111872.718874: ignoring textures.
1356111872.719154: ignoring textures.
1356111872.719431: ignoring textures.
1356111872.719701: ignoring textures.
1356111872.719975: ignoring textures.
1356111872.720253: ignoring textures.
1356111872.720526: ignoring textures.
1356111872.721618: overwrote object class id: 9.
1356111872.722562: ::_f3_2
1356111872.722990: ignoring textures.
1356111872.723258: ignoring textures.
1356111872.723520: ignoring textures.
1356111872.723791: ignoring textures.
1356111872.724054: ignoring textures.
1356111872.724314: ignoring textures.
1356111872.724575: ignoring textures.
1356111872.725975: overwrote object class id: 8.
1356111872.726929: ::_f4_2
1356111872.727353: ignoring textures.
1356111872.727610: ignoring textures.
1356111872.727870: ignoring textures.
1356111872.728134: ignoring textures.
1356111872.728388: ignoring textures.
1356111872.728642: ignoring textures.
1356111872.729432: assigned object class id: 26.
1356111872.730408: ::_f5_2
1356111872.730819: ignoring textures.
1356111872.731099: ignoring textures.
1356111872.731349: ignoring textures.
1356111872.731599: ignoring textures.
1356111872.731847: ignoring textures.
1356111872.733313: assigned object class id: 27.
1356111872.734309: ::_f6_2
1356111872.734714: ignoring textures.
1356111872.734981: ignoring textures.
1356111872.735238: ignoring textures.
1356111872.735482: ignoring textures.
1356111872.735729: ignoring textures.
1356111872.735975: ignoring textures.
1356111872.736229: ignoring textures.
1356111872.736471: ignoring textures.
1356111872.736714: ignoring textures.
1356111872.736962: ignoring textures.
1356111872.737221: ignoring textures.
1356111872.737468: ignoring textures.
1356111872.737714: ignoring textures.
1356111872.737955: ignoring textures.
1356111872.738220: ignoring textures.
1356111872.738466: ignoring textures.
1356111872.738706: ignoring textures.
1356111872.738947: ignoring textures.
1356111872.739206: ignoring textures.
1356111872.743826: assigned object class id: 28.
1356111872.744820: ::_f7_2
1356111872.745231: ignoring textures.
1356111872.745482: ignoring textures.
1356111872.745729: ignoring textures.
1356111872.745977: ignoring textures.
1356111872.746224: ignoring textures.
1356111872.746471: ignoring textures.
1356111872.746719: ignoring textures.
1356111872.746967: ignoring textures.
1356111872.747216: ignoring textures.
1356111872.747462: ignoring textures.
1356111872.759735: assigned object class id: 29.
1356111872.760718: ::_f8_2
1356111872.761132: ignoring textures.
1356111872.761384: ignoring textures.
1356111872.761627: ignoring textures.
1356111872.761871: ignoring textures.
1356111872.762128: ignoring textures.
1356111872.772309: assigned object class id: 30.
1356111872.773399: ::write loading power-ups
1356111872.773796: ::load object (ex_energy) file (lgdev_02.od2 lgdev_01.od2 lgdev.od2 lgdev_00.od2) lodmag (110 340 1200) lodmin (160 400 1300) flags (f_anims p_wedges w_normals w_lighted)
1356111872.774005: name must be unique.
1356111872.774270: ::propc (ex_energy).rotx 30
1356111872.774480: ::propc (ex_energy).roty 20
1356111872.774691: ::propc (ex_energy).rotz  0
1356111872.774909: ::load object (ex_dumb) file mpack.od2 flags (f_anims p_wedges w_normals w_lighted)
1356111872.775125: name must be unique.
1356111872.775369: ::propc (ex_dumb).rotx 30
1356111872.775580: ::propc (ex_dumb).roty 20
1356111872.775791: ::propc (ex_dumb).rotz  0
1356111872.776018: ::load object (ex_guide) file mpack.od2 flags (f_anims p_wedges w_normals w_lighted)
1356111872.776225: name must be unique.
1356111872.776474: ::propc (ex_guide).rotx 30
1356111872.776687: ::propc (ex_guide).roty 20
1356111872.776900: ::propc (ex_guide).rotz  0
1356111872.777137: ::load object (ex_flare) file (in01b00a.od2 in01c00a.od2 in01d00a.od2 in01e00a.od2) lodmag (60 200 900) lodmin (80 250 950) flags (f_anims v_anims)
1356111872.777366: name must be unique.
1356111872.777617: ::propc (ex_flare).rotx 30
1356111872.777831: ::propc (ex_flare).roty 20
1356111872.778054: ::propc (ex_flare).rotz  0
1356111872.778285: ::load object (ex_helix) file (hc01_00a.od2 hc01a00a.od2 hc01b00a.od2 hc01c00a.od2 ) lodmag (60 200 800) lodmin (80 250 850) flags (f_anims p_wedges w_normals w_lighted)
1356111872.778496: name must be unique.
1356111872.778749: ::propc (ex_helix).rotx 30
1356111872.778965: ::propc (ex_helix).roty 20
1356111872.779194: ::propc (ex_helix).rotz  0
1356111872.779432: ::load object (ex_light) file (ld01_00a.od2 ld01a00a.od2 ld01b00a.od2 ld01c00a.od2) lodmag (120 370 800) lodmin (150 400 850) flags (f_anims p_wedges w_normals w_lighted)
1356111872.779648: name must be unique.
1356111872.779908: ::propc (ex_light).rotx 18
1356111872.780134: ::propc (ex_light).roty 24
1356111872.780355: ::propc (ex_light).rotz  5
1356111872.780591: ::load object (ex_invul) file (in01b00a.od2 in01c00a.od2 in01d00a.od2 in01e00a.od2) lodmag (60 200 900) lodmin (80 250 950) flags (f_anims v_anims) type extra_3
1356111872.780810: name must be unique.
1356111872.781082: ::propc (ex_invul).rotx 25
1356111872.781306: ::propc (ex_invul).roty 20
1356111872.781531: ::propc (ex_invul).rotz  5
1356111872.781765: ::load object (ex_repair) file (re01_00a.od2) flags (f_anims p_wedges w_normals w_lighted) maxfanims 2
1356111872.781986: name must be unique.
1356111872.782265: ::propc (ex_repair).rotx 30
1356111872.782491: ::propc (ex_repair).roty 20
1356111872.782717: ::propc (ex_repair).rotz  0
1356111872.782953: ::load object (mine_proxy) file (mi01_00a.od2 mi01a00a.od2) lodmag 400 lodmin 450 flags (f_anims v_anims) maxfanims 3
1356111872.783185: name must be unique.
1356111872.783456: ::propc (mine_proxy).rotx 15
1356111872.783684: ::propc (mine_proxy).roty  8
1356111872.783913: ::propc (mine_proxy).rotz 24
1356111872.784156: ::load object (ex_mine) file mi01a00a.od2 flags (f_anims v_anims)
1356111872.784380: name must be unique.
1356111872.784659: ::propc (ex_mine).rotx 30
1356111872.784890: ::propc (ex_mine).roty 20
1356111872.785134: ::propc (ex_mine).rotz  0
1356111872.785378: ::load object (ex_aburn) file (in01b00a.od2 in01c00a.od2 in01d00a.od2 in01e00a.od2) lodmag (60 200 900) lodmin (80 250 950) flags (f_anims v_anims)
1356111872.785606: name must be unique.
1356111872.785879: ::propc (ex_aburn).rotx 25
1356111872.786123: ::propc (ex_aburn).roty 20
1356111872.786355: ::propc (ex_aburn).rotz  5
1356111872.786602: ::load object (ex_laser2) type extra_3 file (lc03_00a.od2 lc03a00a.od2 lc03b00a.od2) lodmag (400 800) lodmin (450 900) flags (f_anims p_wedges w_normals w_lighted)
1356111872.786832: name must be unique.
1356111872.787127: ::propc (ex_laser2).rotx 25
1356111872.787361: ::propc (ex_laser2).roty 20
1356111872.787595: ::propc (ex_laser2).rotz  5
1356111872.787844: ::load object (ex_laser3) type extra_3 file (lc02_00a.od2 lc02a00a.od2 lc02b00a.od2) lodmag (400 800) lodmin (450 900) flags (f_anims p_wedges w_normals w_lighted)
1356111872.788121: name must be unique.
1356111872.788401: ::propc (ex_laser3).rotx 25
1356111872.788636: ::propc (ex_laser3).roty 20
1356111872.788870: ::propc (ex_laser3).rotz  5
1356111872.789124: ::load object (ex_x2) type extra_3 file (pc01_00a.od2 pc01a00a.od2 pc01b00a.od2 pc01e00a.od2) lodmag (60 200 800) lodmin (80 250 850) flags (f_anims p_wedges w_normals w_lighted)
1356111872.789356: name must be unique.
1356111872.789632: ::propc (ex_x2).rotx 30
1356111872.789866: ::propc (ex_x2).roty 20
1356111872.790105: ::propc (ex_x2).rotz  0
1356111872.790354: ::load object (ex_x3) file (in01b00a.od2 in01c00a.od2 in01d00a.od2 in01e00a.od2) lodmag (60 200 900) lodmin (80 250 950) flags (f_anims v_anims) type extra_3
1356111872.790585: name must be unique.
1356111872.790870: ::propc (ex_x3).rotx 25
1356111872.791110: ::propc (ex_x3).roty 20
1356111872.791345: ::propc (ex_x3).rotz  5
1356111872.791602: ::load object (ex_emp) file (em01_00a.od2) flags (f_anims p_wedges w_normals w_lighted) type extra_3
1356111872.792861: assigned object class id: 31.
1356111872.793152: ::propc (ex_emp).rotx 30
1356111872.793389: ::propc (ex_emp).roty 20
1356111872.793625: ::propc (ex_emp).rotz  0
1356111872.793861: ::extraclass class (ex_emp)
1356111872.794106: ::load object (ex_emp2) file (em01_00a.od2) flags (f_anims p_wedges w_normals w_lighted) type extra_3
1356111872.795342: assigned object class id: 32.
1356111872.795629: ::propc (ex_emp2).rotx 30
1356111872.795865: ::propc (ex_emp2).roty 20
1356111872.796105: ::propc (ex_emp2).rotz  0
1356111872.796341: ::extraclass class (ex_emp2)
1356111872.796575: ::load object (laser_1a)  type laser_1  file phaser1.bin
1356111872.796803: name must be unique.
1356111872.797089: ::sv.objectclasses.overloading 0
1356111872.797325: ::load object  stargate    file stargate.odt type stargate
1356111872.798198: assigned object class id: 33.
1356111872.798490: ::propc missl1.hitpoints    14
1356111872.798724: ::propc missl2.hitpoints     7
1356111872.798957: ::propc mine1.hitpoints     35
1356111872.799199: ::prop laser_1.hitpoints     4
1356111872.799435: ::prop laser_1.energy        4
1356111872.799667: ::prop laser_2.hitpoints     6
1356111872.799901: ::prop laser_2.energy        5
1356111872.800145: ::prop laser_3.hitpoints     7
1356111872.800378: ::prop laser_3.energy        5
1356111872.800608: ::nebula.id 5
1356111872.800838: ::extras.max                35
1356111872.801080: ::energy.boost              360
1356111872.801310: ::repair.boost              20
1356111872.801540: ::pack.dumb.size             2
1356111872.801769: ::pack.guide.size            2
1356111872.802008: ::pack.mine.size             4
1356111872.802239: ::pack.swarm.size            1
1356111872.802469: ::prob.energyfield           6
1356111872.802699: ::prob.helix                 4
1356111872.802928: ::prob.lightning             4
1356111872.803168: ::prob.photon                0
1356111872.803398: ::prob.mine                  4
1356111872.803626: ::prob.lupgrade             24
1356111872.803855: ::prob.misspack             20 
1356111872.804095: ::prob.repair                7
1356111872.804324: ::prob.aburner               2
1356111872.804552: ::prob.invulnerable          0
1356111872.804781: ::prob.lupgrade1            60
1356111872.805023: ::prob.lupgrade2            40
1356111872.805251: ::prob.dumb                 42
1356111872.805479: ::prob.guide                56
1356111872.805707: ::prob.swarm                2
1356111872.805943: ::sv.masterserver.conf   name master.openparsec.com interval 5
1356111872.806182: ::sv.masterserver.sendheartbeat 1
1356111872.806409: ::write loading map
1356111872.806868: 
Script execution done.
1356111872.807111: Initializing TCP/IP stack...
1356111872.807369: skipping loopback interface
1356111872.807590: found interface #0: 172.20.0.248
1356111872.807840: IP address: 172.20.0.248:6582
1356113645.402473: ::quit
1356113645.404254: UTL_MemManager::CheckLeaks(): leaked pointer 839a860 (../libparsec/include/e_relist.h, E_REList::CreateAndAddRef())
1356114994.225142: 
1356114994.225579:  PARSEC SERVER V1.00 build 0200.
1356114994.225883: 
1356114994.226207:  Copyright (c) 1996-2002 by Alex Mastny, Andreas Varga,
1356114994.226514:  Clemens Beer, Markus Hadwiger, Stefan Poiss, Michael Woegerbauer.
1356114994.226821:  All Rights Reserved.
1356114994.227134: -------------------------------------------------------
1356114994.227438:  mailto:parsec@parsec.org         http://www.parsec.org
1356114994.227730: -------------------------------------------------------
1356114994.228013: 
1356114994.228737: executing boot_sv.con
1356114994.229187: ::load object (firebird)    type ship_1         file extra1.odt
1356114994.229657: assigned object class id: 0.
1356114994.230128: ::load object (laser_1a)    type laser_1        file extra1.odt
1356114994.230464: assigned object class id: 1.
1356114994.230915: ::load object (laser_1b)    type laser_1        file extra1.odt
1356114994.231250: assigned object class id: 2.
1356114994.231745: ::load object (miss_dumb)   type missile_1      file extra1.odt
1356114994.232076: assigned object class id: 3.
1356114994.232447: ::load object (miss_guide)  type missile_4      file extra1.odt
1356114994.232850: assigned object class id: 4.
1356114994.233235: ::load object (miss_swarm)  type missile_2      file extra1.odt
1356114994.233642: assigned object class id: 5.
1356114994.234008: ::load object (ex_energy)   type extra_1        file extra1.odt
1356114994.234413: assigned object class id: 6.
1356114994.234768: ::load object (ex_dumb)     type extra_2        file extra1.odt
1356114994.235171: assigned object class id: 7.
1356114994.235518: ::load object (cormoran)    type ship_2         file extra1.odt
1356114994.235917: assigned object class id: 8.
1356114994.236272: ::load object (bluespire)   type ship_1         file extra1.odt
1356114994.236665: assigned object class id: 9.
1356114994.237008: ::load object (ex_guide)    type extra_2        file extra1.odt
1356114994.237406: assigned object class id: 10.
1356114994.237751: ::load object (ex_helix)    type extra_3        file extra1.odt
1356114994.238143: assigned object class id: 11.
1356114994.238485: ::load object (ex_light)    type extra_3        file extra1.odt
1356114994.238873: assigned object class id: 12.
1356114994.239217: ::load object (ex_mine)     type extra_2        file extra1.odt
1356114994.239602: assigned object class id: 13.
1356114994.239945: ::load object (mine_proxy)  type mine_1         file extra1.odt
1356114994.240321: assigned object class id: 14.
1356114994.240648: ::load object (laser_2)     type laser_2        file extra1.odt
1356114994.241023: assigned object class id: 15.
1356114994.241358: ::load object (laser_3)     type laser_3        file extra1.odt
1356114994.241732: assigned object class id: 16.
1356114994.242067: ::load object (ex_repair)   type extra_1        file extra1.odt
1356114994.242441: assigned object class id: 17.
1356114994.242779: ::load object (ex_aburn)    type extra_3        file extra1.odt
1356114994.243143: assigned object class id: 18.
1356114994.243464: ::load object (ex_flare)    type extra_2        file extra1.odt
1356114994.243831: assigned object class id: 19.
1356114994.244163: ::load object (ex_invis)  type extra_3        file extra1.odt
1356114994.244544: assigned object class id: 20.
1356114994.244813: ::load object (ex_x2)   type extra_3        file extra1.odt
1356114994.245198: assigned object class id: 21.
1356114994.245462: ::load object (ex_x3)   type extra_3        file extra1.odt
1356114994.245838: assigned object class id: 22.
1356114994.246106: ::load object (ex_laser2)  type extra_2        file extra1.odt
1356114994.246451: assigned object class id: 23.
1356114994.246710: ::load object (ex_laser3)  type extra_2        file extra1.odt
1356114994.247157: assigned object class id: 24.
1356114994.247608: ::load object (ex_invul)  type extra_3        file extra1.odt
1356114994.248044: assigned object class id: 25.
1356114994.248456: ::sv.objectclasses.overloading 1
1356114994.248811: ::_f1_2
1356114994.249377: ignoring textures.
1356114994.249871: ignoring textures.
1356114994.250320: ignoring textures.
1356114994.250771: ignoring textures.
1356114994.251227: ignoring textures.
1356114994.251682: ignoring textures.
1356114994.252134: ignoring textures.
1356114994.252536: ignoring textures.
1356114994.252973: ignoring textures.
1356114994.254067: overwrote object class id: 0.
1356114994.255257: ::_f2_2
1356114994.255811: ignoring textures.
1356114994.256313: ignoring textures.
1356114994.256721: ignoring textures.
1356114994.257172: ignoring textures.
1356114994.257616: ignoring textures.
1356114994.258060: ignoring textures.
1356114994.258507: ignoring textures.
1356114994.258953: ignoring textures.
1356114994.259404: ignoring textures.
1356114994.259885: ignoring textures.
1356114994.260290: ignoring textures.
1356114994.260733: ignoring textures.
1356114994.261170: ignoring textures.
1356114994.261604: ignoring textures.
1356114994.262036: ignoring textures.
1356114994.262496: ignoring textures.
1356114994.263710: overwrote object class id: 9.
1356114994.264873: ::_f3_2
1356114994.265412: ignoring textures.
1356114994.265850: ignoring textures.
1356114994.266292: ignoring textures.
1356114994.266722: ignoring textures.
1356114994.267159: ignoring textures.
1356114994.267590: ignoring textures.
1356114994.268017: ignoring textures.
1356114994.269624: overwrote object class id: 8.
1356114994.270763: ::_f4_2
1356114994.271345: ignoring textures.
1356114994.271764: ignoring textures.
1356114994.272194: ignoring textures.
1356114994.272620: ignoring textures.
1356114994.273043: ignoring textures.
1356114994.273470: ignoring textures.
1356114994.274442: assigned object class id: 26.
1356114994.275600: ::_f5_2
1356114994.276171: ignoring textures.
1356114994.276596: ignoring textures.
1356114994.277022: ignoring textures.
1356114994.277447: ignoring textures.
1356114994.277868: ignoring textures.
1356114994.279500: assigned object class id: 27.
1356114994.280665: ::_f6_2
1356114994.281224: ignoring textures.
1356114994.281643: ignoring textures.
1356114994.282060: ignoring textures.
1356114994.282539: ignoring textures.
1356114994.282910: ignoring textures.
1356114994.283328: ignoring textures.
1356114994.283752: ignoring textures.
1356114994.284172: ignoring textures.
1356114994.284593: ignoring textures.
1356114994.285008: ignoring textures.
1356114994.285429: ignoring textures.
1356114994.285844: ignoring textures.
1356114994.286264: ignoring textures.
1356114994.286685: ignoring textures.
1356114994.287112: ignoring textures.
1356114994.287524: ignoring textures.
1356114994.287935: ignoring textures.
1356114994.288352: ignoring textures.
1356114994.288763: ignoring textures.
1356114994.293478: assigned object class id: 28.
1356114994.294650: ::_f7_2
1356114994.295213: ignoring textures.
1356114994.295628: ignoring textures.
1356114994.296048: ignoring textures.
1356114994.296468: ignoring textures.
1356114994.296883: ignoring textures.
1356114994.297283: ignoring textures.
1356114994.297538: ignoring textures.
1356114994.297787: ignoring textures.
1356114994.298046: ignoring textures.
1356114994.298297: ignoring textures.
1356114994.310544: assigned object class id: 29.
1356114994.311526: ::_f8_2
1356114994.311931: ignoring textures.
1356114994.312203: ignoring textures.
1356114994.312460: ignoring textures.
1356114994.312731: ignoring textures.
1356114994.312986: ignoring textures.
1356114994.323141: assigned object class id: 30.
1356114994.324243: ::write loading power-ups
1356114994.324641: ::load object (ex_energy) file (lgdev_02.od2 lgdev_01.od2 lgdev.od2 lgdev_00.od2) lodmag (110 340 1200) lodmin (160 400 1300) flags (f_anims p_wedges w_normals w_lighted)
1356114994.324847: name must be unique.
1356114994.325098: ::propc (ex_energy).rotx 30
1356114994.325309: ::propc (ex_energy).roty 20
1356114994.325519: ::propc (ex_energy).rotz  0
1356114994.325737: ::load object (ex_dumb) file mpack.od2 flags (f_anims p_wedges w_normals w_lighted)
1356114994.325943: name must be unique.
1356114994.326208: ::propc (ex_dumb).rotx 30
1356114994.326420: ::propc (ex_dumb).roty 20
1356114994.326631: ::propc (ex_dumb).rotz  0
1356114994.326848: ::load object (ex_guide) file mpack.od2 flags (f_anims p_wedges w_normals w_lighted)
1356114994.327055: name must be unique.
1356114994.327330: ::propc (ex_guide).rotx 30
1356114994.327543: ::propc (ex_guide).roty 20
1356114994.327756: ::propc (ex_guide).rotz  0
1356114994.327985: ::load object (ex_flare) file (in01b00a.od2 in01c00a.od2 in01d00a.od2 in01e00a.od2) lodmag (60 200 900) lodmin (80 250 950) flags (f_anims v_anims)
1356114994.328202: name must be unique.
1356114994.328462: ::propc (ex_flare).rotx 30
1356114994.328676: ::propc (ex_flare).roty 20
1356114994.328890: ::propc (ex_flare).rotz  0
1356114994.329127: ::load object (ex_helix) file (hc01_00a.od2 hc01a00a.od2 hc01b00a.od2 hc01c00a.od2 ) lodmag (60 200 800) lodmin (80 250 850) flags (f_anims p_wedges w_normals w_lighted)
1356114994.329338: name must be unique.
1356114994.329598: ::propc (ex_helix).rotx 30
1356114994.329840: ::propc (ex_helix).roty 20
1356114994.330059: ::propc (ex_helix).rotz  0
1356114994.330308: ::load object (ex_light) file (ld01_00a.od2 ld01a00a.od2 ld01b00a.od2 ld01c00a.od2) lodmag (120 370 800) lodmin (150 400 850) flags (f_anims p_wedges w_normals w_lighted)
1356114994.330525: name must be unique.
1356114994.330781: ::propc (ex_light).rotx 18
1356114994.331002: ::propc (ex_light).roty 24
1356114994.331229: ::propc (ex_light).rotz  5
1356114994.331465: ::load object (ex_invul) file (in01b00a.od2 in01c00a.od2 in01d00a.od2 in01e00a.od2) lodmag (60 200 900) lodmin (80 250 950) flags (f_anims v_anims) type extra_3
1356114994.331685: name must be unique.
1356114994.331955: ::propc (ex_invul).rotx 25
1356114994.332188: ::propc (ex_invul).roty 20
1356114994.332413: ::propc (ex_invul).rotz  5
1356114994.332648: ::load object (ex_repair) file (re01_00a.od2) flags (f_anims p_wedges w_normals w_lighted) maxfanims 2
1356114994.332870: name must be unique.
1356114994.333146: ::propc (ex_repair).rotx 30
1356114994.333374: ::propc (ex_repair).roty 20
1356114994.333600: ::propc (ex_repair).rotz  0
1356114994.333838: ::load object (mine_proxy) file (mi01_00a.od2 mi01a00a.od2) lodmag 400 lodmin 450 flags (f_anims v_anims) maxfanims 3
1356114994.334060: name must be unique.
1356114994.334335: ::propc (mine_proxy).rotx 15
1356114994.334564: ::propc (mine_proxy).roty  8
1356114994.334792: ::propc (mine_proxy).rotz 24
1356114994.335027: ::load object (ex_mine) file mi01a00a.od2 flags (f_anims v_anims)
1356114994.335257: name must be unique.
1356114994.335530: ::propc (ex_mine).rotx 30
1356114994.335762: ::propc (ex_mine).roty 20
1356114994.335993: ::propc (ex_mine).rotz  0
1356114994.336246: ::load object (ex_aburn) file (in01b00a.od2 in01c00a.od2 in01d00a.od2 in01e00a.od2) lodmag (60 200 900) lodmin (80 250 950) flags (f_anims v_anims)
1356114994.336474: name must be unique.
1356114994.336748: ::propc (ex_aburn).rotx 25
1356114994.336980: ::propc (ex_aburn).roty 20
1356114994.337219: ::propc (ex_aburn).rotz  5
1356114994.337468: ::load object (ex_laser2) type extra_3 file (lc03_00a.od2 lc03a00a.od2 lc03b00a.od2) lodmag (400 800) lodmin (450 900) flags (f_anims p_wedges w_normals w_lighted)
1356114994.337699: name must be unique.
1356114994.337979: ::propc (ex_laser2).rotx 25
1356114994.338220: ::propc (ex_laser2).roty 20
1356114994.338454: ::propc (ex_laser2).rotz  5
1356114994.338703: ::load object (ex_laser3) type extra_3 file (lc02_00a.od2 lc02a00a.od2 lc02b00a.od2) lodmag (400 800) lodmin (450 900) flags (f_anims p_wedges w_normals w_lighted)
1356114994.338933: name must be unique.
1356114994.339225: ::propc (ex_laser3).rotx 25
1356114994.339461: ::propc (ex_laser3).roty 20
1356114994.339695: ::propc (ex_laser3).rotz  5
1356114994.339946: ::load object (ex_x2) type extra_3 file (pc01_00a.od2 pc01a00a.od2 pc01b00a.od2 pc01e00a.od2) lodmag (60 200 800) lodmin (80 250 850) flags (f_anims p_wedges w_normals w_lighted)
1356114994.340183: name must be unique.
1356114994.340460: ::propc (ex_x2).rotx 30
1356114994.340694: ::propc (ex_x2).roty 20
1356114994.340928: ::propc (ex_x2).rotz  0
1356114994.341184: ::load object (ex_x3) file (in01b00a.od2 in01c00a.od2 in01d00a.od2 in01e00a.od2) lodmag (60 200 900) lodmin (80 250 950) flags (f_anims v_anims) type extra_3
1356114994.341415: name must be unique.
1356114994.341695: ::propc (ex_x3).rotx 25
1356114994.341931: ::propc (ex_x3).roty 20
1356114994.342174: ::propc (ex_x3).rotz  5
1356114994.342418: ::load object (ex_emp) file (em01_00a.od2) flags (f_anims p_wedges w_normals w_lighted) type extra_3
1356114994.343683: assigned object class id: 31.
1356114994.343965: ::propc (ex_emp).rotx 30
1356114994.344209: ::propc (ex_emp).roty 20
1356114994.344445: ::propc (ex_emp).rotz  0
1356114994.344681: ::extraclass class (ex_emp)
1356114994.344920: ::load object (ex_emp2) file (em01_00a.od2) flags (f_anims p_wedges w_normals w_lighted) type extra_3
1356114994.346168: assigned object class id: 32.
1356114994.346455: ::propc (ex_emp2).rotx 30
1356114994.346691: ::propc (ex_emp2).roty 20
1356114994.346940: ::propc (ex_emp2).rotz  0
1356114994.347183: ::extraclass class (ex_emp2)
1356114994.347417: ::load object (laser_1a)  type laser_1  file phaser1.bin
1356114994.347645: name must be unique.
1356114994.347922: ::sv.objectclasses.overloading 0
1356114994.348167: ::load object  stargate    file stargate.odt type stargate
1356114994.349026: assigned object class id: 33.
1356114994.349317: ::propc missl1.hitpoints    14
1356114994.349552: ::propc missl2.hitpoints     7
1356114994.349786: ::propc mine1.hitpoints     35
1356114994.350019: ::prop laser_1.hitpoints     4
1356114994.350262: ::prop laser_1.energy        4
1356114994.350494: ::prop laser_2.hitpoints     6
1356114994.350727: ::prop laser_2.energy        5
1356114994.350960: ::prop laser_3.hitpoints     7
1356114994.351208: ::prop laser_3.energy        5
1356114994.351438: ::nebula.id 5
1356114994.351668: ::extras.max                35
1356114994.351897: ::energy.boost              360
1356114994.352134: ::repair.boost              20
1356114994.352363: ::pack.dumb.size             2
1356114994.352592: ::pack.guide.size            2
1356114994.352821: ::pack.mine.size             4
1356114994.353050: ::pack.swarm.size            1
1356114994.353286: ::prob.energyfield           6
1356114994.353515: ::prob.helix                 4
1356114994.353743: ::prob.lightning             4
1356114994.353972: ::prob.photon                0
1356114994.354209: ::prob.mine                  4
1356114994.354438: ::prob.lupgrade             24
1356114994.354667: ::prob.misspack             20 
1356114994.354895: ::prob.repair                7
1356114994.355129: ::prob.aburner               2
1356114994.355358: ::prob.invulnerable          0
1356114994.355586: ::prob.lupgrade1            60
1356114994.355814: ::prob.lupgrade2            40
1356114994.356041: ::prob.dumb                 42
1356114994.356275: ::prob.guide                56
1356114994.356503: ::prob.swarm                2
1356114994.356732: ::sv.conf    name   server1.openparsec.com
1356114994.356957: ::sv.conf    maxplayers  16
1356114994.357214: ::sv.conf    simfreq  100
1356114994.357437: ::sv.serverid   10
1356114994.357672: ::sv.masterserver.conf   name master.openparsec.com interval 5
1356114994.357899: ::sv.masterserver.sendheartbeat 1
1356114994.358133: ::write loading map
1356114994.358574: 
Script execution done.
1356114994.358807: Initializing TCP/IP stack...
1356114994.359064: skipping loopback interface
1356114994.359291: found interface #0: 172.20.0.248
1356114994.359540: IP address: 172.20.0.248:6582
1356115023.494397: ::quit
1356115023.496298: UTL_MemManager::CheckLeaks(): leaked pointer 9871860 (../libparsec/include/e_relist.h, E_REList::CreateAndAddRef())
