
 OPENPARSEC build 0198.
---------------------------------------------------
 mailto:parsec@parsec.org    http://www.parsec.org
---------------------------------------------------

 UNTESTED VERSION CURRENTLY UNDER DEVELOPMENT.
 PLEASE DO NOT SPREAD THIS VERSION!

---------------------------------------------------

Using the OpenGL subsystem as rendering device.
IP address: 10.1.2.69
TCP/IP networking support found.
Network game will be available.
Could not open mixer.
No available audio device
Booting game core.
Calculating colors...done.
isdl_joy: Found 0 joysticks.
Executing console script (boot.con)....
::loading position flares...................
::loading firebird..........
::loading bluespire.................
::loading cormoran........
::loading stingray.......
::loading claymore......
::loading hurricane....................
::loading assassin...........
::loading silverhawk......
::loading laser..........
::loading missiles......
::loading power-up generation...............
::loading power-ups...............................................
::loading stargate animation.................................
::loading stargate object.....
::loading panorama.......................................
::loading particle flare 01.
::loading particle flare 02.
::loading particle flare 03...
::loading particle flare 04.
::loading particle flare 05.
::loading lightning particles...............
::loading smoke particles.........................
::loading vaportrail.
::loading shockwave...............
::loading explosions...............................
::loading menu buttons.......................................
::loading logo animation..............................
::loading spacecraft viewer......
::loading cockpit..............................
::loading weapon icons........................................
::loading fonts.
::loading teleporter........
::loading samples.........................................................................................Adding Item with id=28, filename=(null), type=1

Script execution done.
--OpenGL driver info--
Vendor:
 NVIDIA Corporation
Renderer:
 GeForce 9800 GTX/9800 GTX+/PCIe/SSE2
Version:
 3.3.0 NVIDIA 310.32
starting up game core.
--OpenGL driver info--
Vendor:
 NVIDIA Corporation
Renderer:
 GeForce 9800 GTX/9800 GTX+/PCIe/SSE2
Version:
 3.3.0 NVIDIA 310.32
-Restoring evicted texture data...
-Restored 85 textures.
IP address: 10.1.2.69
TCP/IP networking support found.
Network game will be available.
max players: 8
trying to establish connection...
searching for other players in universe 1.connection established: local host is master.
there are no other players in universe 1.
disconnect ok.

 OPENPARSEC build 0198.
---------------------------------------------------
 mailto:parsec@parsec.org    http://www.parsec.org
---------------------------------------------------

 UNTESTED VERSION CURRENTLY UNDER DEVELOPMENT.
 PLEASE DO NOT SPREAD THIS VERSION!

---------------------------------------------------

Using the OpenGL subsystem as rendering device.
IP address: 10.1.2.69
TCP/IP networking support found.
Network game will be available.
Could not open mixer.
No available audio device
Booting game core.
Calculating colors...done.
isdl_joy: Found 0 joysticks.
Executing console script (boot.con)....
::loading position flares...................
::loading firebird..........
::loading bluespire.................
::loading cormoran........
::loading stingray.......
::loading claymore......
::loading hurricane....................
::loading assassin...........
::loading silverhawk......
::loading laser..........
::loading missiles......
::loading power-up generation...............
::loading power-ups...............................................
::loading stargate animation.................................
::loading stargate object.....
::loading panorama.......................................
::loading particle flare 01.
::loading particle flare 02.
::loading particle flare 03...
::loading particle flare 04.
::loading particle flare 05.
::loading lightning particles...............
::loading smoke particles.........................
::loading vaportrail.
::loading shockwave...............
::loading explosions...............................
::loading menu buttons.......................................
::loading logo animation..............................
::loading spacecraft viewer......
::loading cockpit..............................
::loading weapon icons........................................
::loading fonts.
::loading teleporter........
::loading samples.........................................................................................Adding Item with id=28, filename=(null), type=1

Script execution done.
--OpenGL driver info--
Vendor:
 NVIDIA Corporation
Renderer:
 GeForce 9800 GTX/9800 GTX+/PCIe/SSE2
Version:
 3.3.0 NVIDIA 310.32
starting up game core.
IP address: 10.1.2.69
TCP/IP networking support found.
Network game will be available.
--OpenGL driver info--
Vendor:
 NVIDIA Corporation
Renderer:
 GeForce 9800 GTX/9800 GTX+/PCIe/SSE2
Version:
 3.3.0 NVIDIA 310.32
-Restoring evicted texture data...
-Restored 87 textures.
max players: 8
trying to establish connection...
searching for other players in universe 1.connection established: local host is master.
there are no other players in universe 1.
max players: 8
trying to establish connection...
searching for other players in universe 1.connection established: local host is master.
there are no other players in universe 1.
disconnect ok.
max players: 8
trying to establish connection...
searching for other players in universe 1.connection established: local host is master.
there are no other players in universe 1.
disconnect ok.
Exiting Parsec...
alive is 400, lifetime is 400, delay is 0,  lifetime - delay is 400, delete object
alive is 400, lifetime is 400, delay is 0,  lifetime - delay is 400, delete object
alive is 400, lifetime is 400, delay is 0,  lifetime - delay is 400, delete object
alive is 400, lifetime is 400, delay is 0,  lifetime - delay is 400, delete object
alive is 400, lifetime is 400, delay is 0,  lifetime - delay is 400, delete object
alive is 400, lifetime is 400, delay is 0,  lifetime - delay is 400, delete object
alive is 400, lifetime is 400, delay is 0,  lifetime - delay is 400, delete object
Exiting Parsec...

 OPENPARSEC build 0198.
---------------------------------------------------
 mailto:parsec@parsec.org    http://www.parsec.org
---------------------------------------------------

 UNTESTED VERSION CURRENTLY UNDER DEVELOPMENT.
 PLEASE DO NOT SPREAD THIS VERSION!

---------------------------------------------------

Using the OpenGL subsystem as rendering device.
IP address: 10.1.2.69
TCP/IP networking support found.
Network game will be available.
Could not open mixer.
No available audio device
Booting game core.
Calculating colors...done.
isdl_joy: Found 0 joysticks.
Executing console script (boot.con)....
::loading position flares...................
::loading firebird..........
::loading bluespire.................
::loading cormoran........
::loading stingray.......
::loading claymore......
::loading hurricane....................
::loading assassin...........
::loading silverhawk......
::loading laser..........
::loading missiles......
::loading power-up generation...............
::loading power-ups...............................................
::loading stargate animation.................................
::loading stargate object.....
::loading panorama.......................................
::loading particle flare 01.
::loading particle flare 02.
::loading particle flare 03...
::loading particle flare 04.
::loading particle flare 05.
::loading lightning particles...............
::loading smoke particles.........................
::loading vaportrail.
::loading shockwave...............
::loading explosions...............................
::loading menu buttons.......................................
::loading logo animation..............................
::loading spacecraft viewer......
::loading cockpit..............................
::loading weapon icons........................................
::loading fonts.
::loading teleporter........
::loading samples.........................................................................................IP address: 10.1.2.69
TCP/IP networking support found.
Network game will be available.
peer-to-peer selected.
Adding Item with id=28, filename=(null), type=1

Script execution done.
--OpenGL driver info--
Vendor:
 NVIDIA Corporation
Renderer:
 GeForce 9800 GTX/9800 GTX+/PCIe/SSE2
Version:
 3.3.0 NVIDIA 310.32
starting up game core.
max players: 8
trying to establish connection...
searching for other players in universe 1.connection established: local host is master.
there are no other players in universe 1.

 OPENPARSEC build 0198.
---------------------------------------------------
 mailto:parsec@parsec.org    http://www.parsec.org
---------------------------------------------------

 UNTESTED VERSION CURRENTLY UNDER DEVELOPMENT.
 PLEASE DO NOT SPREAD THIS VERSION!

---------------------------------------------------

Using the OpenGL subsystem as rendering device.
IP address: 10.1.2.69
TCP/IP networking support found.
Network game will be available.
Could not open mixer.
No available audio device
Booting game core.
Calculating colors...done.
isdl_joy: Found 0 joysticks.
Executing console script (boot.con)....
::loading position flares...................
::loading firebird..........
::loading bluespire.................
::loading cormoran........
::loading stingray.......
::loading claymore......
::loading hurricane....................
::loading assassin...........
::loading silverhawk......
::loading laser..........
::loading missiles......
::loading power-up generation...............
::loading power-ups...............................................
::loading stargate animation.................................
::loading stargate object.....
::loading panorama.......................................
::loading particle flare 01.
::loading particle flare 02.
::loading particle flare 03...
::loading particle flare 04.
::loading particle flare 05.
::loading lightning particles...............
::loading smoke particles.........................
::loading vaportrail.
::loading shockwave...............
::loading explosions...............................
::loading menu buttons.......................................
::loading logo animation..............................
::loading spacecraft viewer......
::loading cockpit..............................
::loading weapon icons........................................
::loading fonts.
::loading teleporter........
::loading samples.........................................................................................IP address: 10.1.2.69
TCP/IP networking support found.
Network game will be available.
peer-to-peer selected.
Adding Item with id=28, filename=(null), type=1

Script execution done.
--OpenGL driver info--
Vendor:
 NVIDIA Corporation
Renderer:
 GeForce 9800 GTX/9800 GTX+/PCIe/SSE2
Version:
 3.3.0 NVIDIA 310.32
starting up game core.
max players: 8
trying to establish connection...
searching for other players in universe 1.connection established: master found.
the following remote players are in universe 1:
id 1: bogus3
NET_PredictionManager::_AddPrediction() at msgid: 1
G_PredEventExtraCollect::Do()
alive is 400, lifetime is 400, delay is 0,  lifetime - delay is 400, delete object

 OPENPARSEC build 0198.
---------------------------------------------------
 mailto:parsec@parsec.org    http://www.parsec.org
---------------------------------------------------

 UNTESTED VERSION CURRENTLY UNDER DEVELOPMENT.
 PLEASE DO NOT SPREAD THIS VERSION!

---------------------------------------------------

Using the OpenGL subsystem as rendering device.
IP address: 10.1.2.69
TCP/IP networking support found.
Network game will be available.
Could not open mixer.
No available audio device
Booting game core.
Calculating colors...done.
isdl_joy: Found 0 joysticks.
Executing console script (boot.con)....
::loading position flares...................
::loading firebird..........
::loading bluespire.................
::loading cormoran........
::loading stingray.......
::loading claymore......
::loading hurricane....................
::loading assassin...........
::loading silverhawk......
::loading laser..........
::loading missiles......
::loading power-up generation...............
::loading power-ups...............................................
::loading stargate animation.................................
::loading stargate object.....
::loading panorama.......................................
::loading particle flare 01.
::loading particle flare 02.
::loading particle flare 03...
::loading particle flare 04.
::loading particle flare 05.
::loading lightning particles...............
::loading smoke particles.........................
::loading vaportrail.
::loading shockwave...............
::loading explosions...............................
::loading menu buttons.......................................
::loading logo animation..............................
::loading spacecraft viewer......
::loading cockpit..............................
::loading weapon icons........................................
::loading fonts.
::loading teleporter........
::loading samples.........................................................................................IP address: 10.1.2.69
TCP/IP networking support found.
Network game will be available.
peer-to-peer selected.
Adding Item with id=28, filename=(null), type=1

Script execution done.
--OpenGL driver info--
Vendor:
 NVIDIA Corporation
Renderer:
 GeForce 9800 GTX/9800 GTX+/PCIe/SSE2
Version:
 3.3.0 NVIDIA 310.32
starting up game core.
max players: 8
trying to establish connection...
searching for other players in universe 1.connection established: master found.
the following remote players are in universe 1:
id 1: bogus3
NET_PredictionManager::_AddPrediction() at msgid: 1
G_PredEventExtraCollect::Do()
disconnect ok.
max players: 8
trying to establish connection...
searching for other players in universe 1.connection established: local host is master.
there are no other players in universe 1.
alive is 400, lifetime is 400, delay is 0,  lifetime - delay is 400, delete object
alive is 400, lifetime is 400, delay is 0,  lifetime - delay is 400, delete object
alive is 400, lifetime is 400, delay is 0,  lifetime - delay is 400, delete object
disconnect ok.
IP address: 10.1.2.69
TCP/IP networking support found.
Network game will be available.
servername tulg.org resolved to 75.127.72.151
trying to establish connection...
ServerStream.Reset()
NET_ExecRmEvCommandInfo: chall 1603284259
server: tulg.org (1): has accepted our connect request.
our accepted local ip is: 68.34.226.100:43141.
slot: 0, maxplayers: 16.
#0: fragme
NET_ExecRmEvCommandInfo: acchost 68.34.226.100:43141 slot 0 max 16 svid 1 srv tulg.org
masterserver master.openparsec.com resolved to: 75.127.72.151
Getting List for 10
got server 10 from masterserver: 85.119.82.182:6582 at pos 10/10
NET_ExecRmEvCommandInfo: info s 10 r 87982 p 0/16 v 0.20 n spenced.com
OBJ_ANI::OBJ_BackgroundAnimateExtras(): predicted freeing of extra object
OBJ_ANI::OBJ_BackgroundAnimateExtras(): predicted freeing of extra object
#0: fragme
#1: bogus3
receiving client list update from server.
adding client 1 named bogus3 to list.
NET_ExecRmEvCommandInfo: addslot 1 nick bogus3
state sync: 0=5.
state sync: 24=104.
state sync: 25=20.
state sync: 26=2.
state sync: 27=2.
state sync: 28=1.
state sync: 29=4.
RESYNC     1.0000     0.0000     0.0000  -577.0000 |     0.0000     1.0000     0.0000  -584.0000 |     0.0000     0.0000     1.0000  -517.0000
NET_PredictionManager::DoCheckpoint(): removing ACK prediction ( pred-msgid 1 <= msgid 653)
OBJ_COLL::CheckShipExtraCollision(): predicted freeing of extra object
OBJ_COLL::CheckShipExtraCollision(): predicted freeing of extra object
OBJ_COLL::CheckShipExtraCollision(): predicted freeing of extra object
OBJ_COLL::CheckShipExtraCollision(): predicted freeing of extra object
OBJ_COLL::CheckShipExtraCollision(): predicted freeing of extra object
OBJ_COLL::CheckShipExtraCollision(): predicted freeing of extra object
OBJ_COLL::CheckShipExtraCollision(): predicted freeing of extra object
OBJ_COLL::CheckShipExtraCollision(): predicted freeing of extra object
OBJ_COLL::CheckShipExtraCollision(): predicted freeing of extra object
OBJ_COLL::CheckShipExtraCollision(): predicted freeing of extra object
OBJ_COLL::CheckShipExtraCollision(): predicted freeing of extra object
OBJ_COLL::CheckShipExtraCollision(): predicted freeing of extra object
OBJ_COLL::CheckShipExtraCollision(): predicted freeing of extra object
OBJ_COLL::CheckShipExtraCollision(): predicted freeing of extra object
OBJ_COLL::CheckShipExtraCollision(): predicted freeing of extra object
alive is 400, lifetime is 400, delay is 0,  lifetime - delay is 400, delete object
alive is 400, lifetime is 400, delay is 0,  lifetime - delay is 400, delete object
OBJ_COLL::CheckShipExtraCollision(): predicted freeing of extra object
OBJ_COLL::CheckShipExtraCollision(): predicted freeing of extra object
alive is 400, lifetime is 400, delay is 0,  lifetime - delay is 400, delete object
OBJ_COLL::CheckShipExtraCollision(): predicted freeing of extra object
OBJ_COLL::CheckShipExtraCollision(): predicted freeing of extra object
OBJ_COLL::CheckShipExtraCollision(): predicted freeing of extra object
OBJ_COLL::CheckShipExtraCollision(): predicted freeing of extra object
OBJ_COLL::CheckShipExtraCollision(): predicted freeing of extra object
alive is 400, lifetime is 400, delay is 0,  lifetime - delay is 400, delete object
OBJ_COLL::CheckShipExtraCollision(): predicted freeing of extra object
OBJ_COLL::CheckShipExtraCollision(): predicted freeing of extra object
OBJ_COLL::CheckShipExtraCollision(): predicted freeing of extra object
OBJ_COLL::CheckShipExtraCollision(): predicted freeing of extra object
alive is 400, lifetime is 400, delay is 0,  lifetime - delay is 400, delete object
OBJ_COLL::CheckShipExtraCollision(): predicted freeing of extra object
OBJ_COLL::CheckShipExtraCollision(): predicted freeing of extra object
OBJ_COLL::CheckShipExtraCollision(): predicted freeing of extra object
OBJ_COLL::CheckShipExtraCollision(): predicted freeing of extra object
OBJ_COLL::CheckShipExtraCollision(): predicted freeing of extra object
OBJ_COLL::CheckShipExtraCollision(): predicted freeing of extra object
OBJ_COLL::CheckShipExtraCollision(): predicted freeing of extra object
OBJ_COLL::CheckShipExtraCollision(): predicted freeing of extra object
OBJ_COLL::CheckShipExtraCollision(): predicted freeing of extra object
OBJ_COLL::CheckShipExtraCollision(): predicted freeing of extra object
OBJ_COLL::CheckShipExtraCollision(): predicted freeing of extra object
OBJ_COLL::CheckShipExtraCollision(): predicted freeing of extra object
OBJ_COLL::CheckShipExtraCollision(): predicted freeing of extra object
OBJ_COLL::CheckShipExtraCollision(): predicted freeing of extra object
OBJ_COLL::CheckShipExtraCollision(): predicted freeing of extra object
OBJ_COLL::CheckShipExtraCollision(): predicted freeing of extra object
OBJ_COLL::CheckShipExtraCollision(): predicted freeing of extra object
#0: fragme
receiving client list update from server.
removing client 1 from list.
NET_ExecRmEvCommandInfo: rmvslot 1
OBJ_COLL::CheckShipExtraCollision(): predicted freeing of extra object
OBJ_COLL::CheckShipExtraCollision(): predicted freeing of extra object
OBJ_COLL::CheckShipExtraCollision(): predicted freeing of extra object
OBJ_COLL::CheckShipExtraCollision(): predicted freeing of extra object
OBJ_COLL::CheckShipExtraCollision(): predicted freeing of extra object
OBJ_COLL::CheckShipExtraCollision(): predicted freeing of extra object
OBJ_COLL::CheckShipExtraCollision(): predicted freeing of extra object
OBJ_COLL::CheckShipExtraCollision(): predicted freeing of extra object
OBJ_COLL::CheckShipExtraCollision(): predicted freeing of extra object
OBJ_COLL::CheckShipExtraCollision(): predicted freeing of extra object
OBJ_COLL::CheckShipExtraCollision(): predicted freeing of extra object
OBJ_COLL::CheckShipExtraCollision(): predicted freeing of extra object
OBJ_COLL::CheckShipExtraCollision(): predicted freeing of extra object
OBJ_COLL::CheckShipExtraCollision(): predicted freeing of extra object
OBJ_COLL::CheckShipExtraCollision(): predicted freeing of extra object
OBJ_COLL::CheckShipExtraCollision(): predicted freeing of extra object
OBJ_COLL::CheckShipExtraCollision(): predicted freeing of extra object
OBJ_COLL::CheckShipExtraCollision(): predicted freeing of extra object
OBJ_COLL::CheckShipExtraCollision(): predicted freeing of extra object
OBJ_COLL::CheckShipExtraCollision(): predicted freeing of extra object
#0: fragme
#1: bogus3
receiving client list update from server.
adding client 1 named bogus3 to list.
NET_ExecRmEvCommandInfo: addslot 1 nick bogus3
OBJ_COLL::CheckShipExtraCollision(): predicted freeing of extra object
OBJ_COLL::CheckShipExtraCollision(): predicted freeing of extra object
OBJ_COLL::CheckShipExtraCollision(): predicted freeing of extra object
OBJ_COLL::CheckShipExtraCollision(): predicted freeing of extra object
OBJ_COLL::CheckShipExtraCollision(): predicted freeing of extra object
OBJ_COLL::CheckShipExtraCollision(): predicted freeing of extra object
alive is 400, lifetime is 400, delay is 0,  lifetime - delay is 400, delete object
OBJ_COLL::CheckShipExtraCollision(): predicted freeing of extra object
OBJ_COLL::CheckShipExtraCollision(): predicted freeing of extra object
OBJ_COLL::CheckShipExtraCollision(): predicted freeing of extra object
OBJ_COLL::CheckShipExtraCollision(): predicted freeing of extra object
alive is 400, lifetime is 400, delay is 0,  lifetime - delay is 400, delete object
OBJ_COLL::CheckShipExtraCollision(): predicted freeing of extra object
OBJ_COLL::CheckShipExtraCollision(): predicted freeing of extra object
OBJ_COLL::CheckShipExtraCollision(): predicted freeing of extra object
OBJ_COLL::CheckShipExtraCollision(): predicted freeing of extra object
OBJ_COLL::CheckShipExtraCollision(): predicted freeing of extra object
OBJ_COLL::CheckShipExtraCollision(): predicted freeing of extra object
OBJ_COLL::CheckShipExtraCollision(): predicted freeing of extra object
OBJ_COLL::CheckShipExtraCollision(): predicted freeing of extra object
OBJ_COLL::CheckShipExtraCollision(): predicted freeing of extra object
OBJ_COLL::CheckShipExtraCollision(): predicted freeing of extra object
OBJ_COLL::CheckShipExtraCollision(): predicted freeing of extra object
OBJ_COLL::CheckShipExtraCollision(): predicted freeing of extra object
OBJ_COLL::CheckShipExtraCollision(): predicted freeing of extra object
OBJ_COLL::CheckShipExtraCollision(): predicted freeing of extra object
OBJ_COLL::CheckShipExtraCollision(): predicted freeing of extra object
OBJ_COLL::CheckShipExtraCollision(): predicted freeing of extra object
OBJ_COLL::CheckShipExtraCollision(): predicted freeing of extra object
OBJ_COLL::CheckShipExtraCollision(): predicted freeing of extra object
#0: fragme
receiving client list update from server.
removing client 1 from list.
NET_ExecRmEvCommandInfo: rmvslot 1
OBJ_COLL::CheckShipExtraCollision(): predicted freeing of extra object
OBJ_COLL::CheckShipExtraCollision(): predicted freeing of extra object
OBJ_COLL::CheckShipExtraCollision(): predicted freeing of extra object
OBJ_COLL::CheckShipExtraCollision(): predicted freeing of extra object
OBJ_COLL::CheckShipExtraCollision(): predicted freeing of extra object
OBJ_COLL::CheckShipExtraCollision(): predicted freeing of extra object
OBJ_COLL::CheckShipExtraCollision(): predicted freeing of extra object
OBJ_COLL::CheckShipExtraCollision(): predicted freeing of extra object
OBJ_COLL::CheckShipExtraCollision(): predicted freeing of extra object
OBJ_COLL::CheckShipExtraCollision(): predicted freeing of extra object
OBJ_COLL::CheckShipExtraCollision(): predicted freeing of extra object
OBJ_COLL::CheckShipExtraCollision(): predicted freeing of extra object
OBJ_COLL::CheckShipExtraCollision(): predicted freeing of extra object
OBJ_COLL::CheckShipExtraCollision(): predicted freeing of extra object
OBJ_COLL::CheckShipExtraCollision(): predicted freeing of extra object
OBJ_COLL::CheckShipExtraCollision(): predicted freeing of extra object
OBJ_COLL::CheckShipExtraCollision(): predicted freeing of extra object
OBJ_COLL::CheckShipExtraCollision(): predicted freeing of extra object
OBJ_COLL::CheckShipExtraCollision(): predicted freeing of extra object
OBJ_COLL::CheckShipExtraCollision(): predicted freeing of extra object
OBJ_COLL::CheckShipExtraCollision(): predicted freeing of extra object
OBJ_COLL::CheckShipExtraCollision(): predicted freeing of extra object
OBJ_COLL::CheckShipExtraCollision(): predicted freeing of extra object
OBJ_COLL::CheckShipExtraCollision(): predicted freeing of extra object
OBJ_COLL::CheckShipExtraCollision(): predicted freeing of extra object
OBJ_COLL::CheckShipExtraCollision(): predicted freeing of extra object
OBJ_COLL::CheckShipExtraCollision(): predicted freeing of extra object
OBJ_COLL::CheckShipExtraCollision(): predicted freeing of extra object
OBJ_COLL::CheckShipExtraCollision(): predicted freeing of extra object
OBJ_COLL::CheckShipExtraCollision(): predicted freeing of extra object
OBJ_COLL::CheckShipExtraCollision(): predicted freeing of extra object
OBJ_COLL::CheckShipExtraCollision(): predicted freeing of extra object
OBJ_COLL::CheckShipExtraCollision(): predicted freeing of extra object
OBJ_COLL::CheckShipExtraCollision(): predicted freeing of extra object
OBJ_COLL::CheckShipExtraCollision(): predicted freeing of extra object
OBJ_COLL::CheckShipExtraCollision(): predicted freeing of extra object
OBJ_COLL::CheckShipExtraCollision(): predicted freeing of extra object
OBJ_COLL::CheckShipExtraCollision(): predicted freeing of extra object
OBJ_COLL::CheckShipExtraCollision(): predicted freeing of extra object
OBJ_COLL::CheckShipExtraCollision(): predicted freeing of extra object
OBJ_COLL::CheckShipExtraCollision(): predicted freeing of extra object
OBJ_COLL::CheckShipExtraCollision(): predicted freeing of extra object
OBJ_COLL::CheckShipExtraCollision(): predicted freeing of extra object
OBJ_COLL::CheckShipExtraCollision(): predicted freeing of extra object
OBJ_COLL::CheckShipExtraCollision(): predicted freeing of extra object
OBJ_COLL::CheckShipExtraCollision(): predicted freeing of extra object
OBJ_COLL::CheckShipExtraCollision(): predicted freeing of extra object
OBJ_COLL::CheckShipExtraCollision(): predicted freeing of extra object
OBJ_ANI::OBJ_BackgroundAnimateExtras(): predicted freeing of extra object
OBJ_ANI::OBJ_BackgroundAnimateExtras(): predicted freeing of extra object
OBJ_ANI::OBJ_BackgroundAnimateExtras(): predicted freeing of extra object
OBJ_ANI::OBJ_BackgroundAnimateExtras(): predicted freeing of extra object
OBJ_ANI::OBJ_BackgroundAnimateExtras(): predicted freeing of extra object
OBJ_ANI::OBJ_BackgroundAnimateExtras(): predicted freeing of extra object
OBJ_ANI::OBJ_BackgroundAnimateExtras(): predicted freeing of extra object
OBJ_ANI::OBJ_BackgroundAnimateExtras(): predicted freeing of extra object
OBJ_ANI::OBJ_BackgroundAnimateExtras(): predicted freeing of extra object
OBJ_ANI::OBJ_BackgroundAnimateExtras(): predicted freeing of extra object
OBJ_ANI::OBJ_BackgroundAnimateExtras(): predicted freeing of extra object
OBJ_ANI::OBJ_BackgroundAnimateExtras(): predicted freeing of extra object
OBJ_ANI::OBJ_BackgroundAnimateExtras(): predicted freeing of extra object
OBJ_ANI::OBJ_BackgroundAnimateExtras(): predicted freeing of extra object
OBJ_ANI::OBJ_BackgroundAnimateExtras(): predicted freeing of extra object
OBJ_ANI::OBJ_BackgroundAnimateExtras(): predicted freeing of extra object
OBJ_ANI::OBJ_BackgroundAnimateExtras(): predicted freeing of extra object
OBJ_ANI::OBJ_BackgroundAnimateExtras(): predicted freeing of extra object
OBJ_ANI::OBJ_BackgroundAnimateExtras(): predicted freeing of extra object
OBJ_ANI::OBJ_BackgroundAnimateExtras(): predicted freeing of extra object
OBJ_ANI::OBJ_BackgroundAnimateExtras(): predicted freeing of extra object
OBJ_ANI::OBJ_BackgroundAnimateExtras(): predicted freeing of extra object
OBJ_ANI::OBJ_BackgroundAnimateExtras(): predicted freeing of extra object
OBJ_ANI::OBJ_BackgroundAnimateExtras(): predicted freeing of extra object
OBJ_ANI::OBJ_BackgroundAnimateExtras(): predicted freeing of extra object
OBJ_ANI::OBJ_BackgroundAnimateExtras(): predicted freeing of extra object
OBJ_ANI::OBJ_BackgroundAnimateExtras(): predicted freeing of extra object
OBJ_ANI::OBJ_BackgroundAnimateExtras(): predicted freeing of extra object
OBJ_ANI::OBJ_BackgroundAnimateExtras(): predicted freeing of extra object
OBJ_ANI::OBJ_BackgroundAnimateExtras(): predicted freeing of extra object
OBJ_ANI::OBJ_BackgroundAnimateExtras(): predicted freeing of extra object
OBJ_ANI::OBJ_BackgroundAnimateExtras(): predicted freeing of extra object
OBJ_ANI::OBJ_BackgroundAnimateExtras(): predicted freeing of extra object
OBJ_ANI::OBJ_BackgroundAnimateExtras(): predicted freeing of extra object
OBJ_ANI::OBJ_BackgroundAnimateExtras(): predicted freeing of extra object
OBJ_ANI::OBJ_BackgroundAnimateExtras(): predicted freeing of extra object
OBJ_ANI::OBJ_BackgroundAnimateExtras(): predicted freeing of extra object
OBJ_ANI::OBJ_BackgroundAnimateExtras(): predicted freeing of extra object
OBJ_ANI::OBJ_BackgroundAnimateExtras(): predicted freeing of extra object
OBJ_ANI::OBJ_BackgroundAnimateExtras(): predicted freeing of extra object
OBJ_ANI::OBJ_BackgroundAnimateExtras(): predicted freeing of extra object
OBJ_ANI::OBJ_BackgroundAnimateExtras(): predicted freeing of extra object
OBJ_ANI::OBJ_BackgroundAnimateExtras(): predicted freeing of extra object
OBJ_ANI::OBJ_BackgroundAnimateExtras(): predicted freeing of extra object
OBJ_ANI::OBJ_BackgroundAnimateExtras(): predicted freeing of extra object
OBJ_ANI::OBJ_BackgroundAnimateExtras(): predicted freeing of extra object
OBJ_ANI::OBJ_BackgroundAnimateExtras(): predicted freeing of extra object
OBJ_ANI::OBJ_BackgroundAnimateExtras(): predicted freeing of extra object
OBJ_ANI::OBJ_BackgroundAnimateExtras(): predicted freeing of extra object
OBJ_ANI::OBJ_BackgroundAnimateExtras(): predicted freeing of extra object
OBJ_ANI::OBJ_BackgroundAnimateExtras(): predicted freeing of extra object
OBJ_ANI::OBJ_BackgroundAnimateExtras(): predicted freeing of extra object
OBJ_ANI::OBJ_BackgroundAnimateExtras(): predicted freeing of extra object
OBJ_ANI::OBJ_BackgroundAnimateExtras(): predicted freeing of extra object
OBJ_ANI::OBJ_BackgroundAnimateExtras(): predicted freeing of extra object
OBJ_ANI::OBJ_BackgroundAnimateExtras(): predicted freeing of extra object
OBJ_ANI::OBJ_BackgroundAnimateExtras(): predicted freeing of extra object
OBJ_ANI::OBJ_BackgroundAnimateExtras(): predicted freeing of extra object
OBJ_ANI::OBJ_BackgroundAnimateExtras(): predicted freeing of extra object
OBJ_ANI::OBJ_BackgroundAnimateExtras(): predicted freeing of extra object
OBJ_ANI::OBJ_BackgroundAnimateExtras(): predicted freeing of extra object
OBJ_ANI::OBJ_BackgroundAnimateExtras(): predicted freeing of extra object
OBJ_ANI::OBJ_BackgroundAnimateExtras(): predicted freeing of extra object
OBJ_ANI::OBJ_BackgroundAnimateExtras(): predicted freeing of extra object
OBJ_ANI::OBJ_BackgroundAnimateExtras(): predicted freeing of extra object
OBJ_ANI::OBJ_BackgroundAnimateExtras(): predicted freeing of extra object
OBJ_ANI::OBJ_BackgroundAnimateExtras(): predicted freeing of extra object
OBJ_ANI::OBJ_BackgroundAnimateExtras(): predicted freeing of extra object
OBJ_ANI::OBJ_BackgroundAnimateExtras(): predicted freeing of extra object
OBJ_ANI::OBJ_BackgroundAnimateExtras(): predicted freeing of extra object
OBJ_ANI::OBJ_BackgroundAnimateExtras(): predicted freeing of extra object
OBJ_ANI::OBJ_BackgroundAnimateExtras(): predicted freeing of extra object
OBJ_ANI::OBJ_BackgroundAnimateExtras(): predicted freeing of extra object
OBJ_ANI::OBJ_BackgroundAnimateExtras(): predicted freeing of extra object
OBJ_ANI::OBJ_BackgroundAnimateExtras(): predicted freeing of extra object
OBJ_ANI::OBJ_BackgroundAnimateExtras(): predicted freeing of extra object
OBJ_ANI::OBJ_BackgroundAnimateExtras(): predicted freeing of extra object
OBJ_ANI::OBJ_BackgroundAnimateExtras(): predicted freeing of extra object
OBJ_ANI::OBJ_BackgroundAnimateExtras(): predicted freeing of extra object
OBJ_ANI::OBJ_BackgroundAnimateExtras(): predicted freeing of extra object
OBJ_ANI::OBJ_BackgroundAnimateExtras(): predicted freeing of extra object
OBJ_ANI::OBJ_BackgroundAnimateExtras(): predicted freeing of extra object
OBJ_ANI::OBJ_BackgroundAnimateExtras(): predicted freeing of extra object
OBJ_ANI::OBJ_BackgroundAnimateExtras(): predicted freeing of extra object
OBJ_ANI::OBJ_BackgroundAnimateExtras(): predicted freeing of extra object
OBJ_ANI::OBJ_BackgroundAnimateExtras(): predicted freeing of extra object
OBJ_ANI::OBJ_BackgroundAnimateExtras(): predicted freeing of extra object
OBJ_ANI::OBJ_BackgroundAnimateExtras(): predicted freeing of extra object
OBJ_ANI::OBJ_BackgroundAnimateExtras(): predicted freeing of extra object
OBJ_ANI::OBJ_BackgroundAnimateExtras(): predicted freeing of extra object
OBJ_ANI::OBJ_BackgroundAnimateExtras(): predicted freeing of extra object
OBJ_ANI::OBJ_BackgroundAnimateExtras(): predicted freeing of extra object
OBJ_ANI::OBJ_BackgroundAnimateExtras(): predicted freeing of extra object
OBJ_ANI::OBJ_BackgroundAnimateExtras(): predicted freeing of extra object
OBJ_ANI::OBJ_BackgroundAnimateExtras(): predicted freeing of extra object
OBJ_ANI::OBJ_BackgroundAnimateExtras(): predicted freeing of extra object
OBJ_ANI::OBJ_BackgroundAnimateExtras(): predicted freeing of extra object
OBJ_ANI::OBJ_BackgroundAnimateExtras(): predicted freeing of extra object
OBJ_ANI::OBJ_BackgroundAnimateExtras(): predicted freeing of extra object
OBJ_ANI::OBJ_BackgroundAnimateExtras(): predicted freeing of extra object
OBJ_ANI::OBJ_BackgroundAnimateExtras(): predicted freeing of extra object
OBJ_ANI::OBJ_BackgroundAnimateExtras(): predicted freeing of extra object
OBJ_ANI::OBJ_BackgroundAnimateExtras(): predicted freeing of extra object
OBJ_ANI::OBJ_BackgroundAnimateExtras(): predicted freeing of extra object
OBJ_ANI::OBJ_BackgroundAnimateExtras(): predicted freeing of extra object
OBJ_ANI::OBJ_BackgroundAnimateExtras(): predicted freeing of extra object
OBJ_ANI::OBJ_BackgroundAnimateExtras(): predicted freeing of extra object
OBJ_ANI::OBJ_BackgroundAnimateExtras(): predicted freeing of extra object
OBJ_ANI::OBJ_BackgroundAnimateExtras(): predicted freeing of extra object
OBJ_ANI::OBJ_BackgroundAnimateExtras(): predicted freeing of extra object
OBJ_ANI::OBJ_BackgroundAnimateExtras(): predicted freeing of extra object
OBJ_ANI::OBJ_BackgroundAnimateExtras(): predicted freeing of extra object
OBJ_ANI::OBJ_BackgroundAnimateExtras(): predicted freeing of extra object
OBJ_ANI::OBJ_BackgroundAnimateExtras(): predicted freeing of extra object
OBJ_ANI::OBJ_BackgroundAnimateExtras(): predicted freeing of extra object
OBJ_ANI::OBJ_BackgroundAnimateExtras(): predicted freeing of extra object
OBJ_ANI::OBJ_BackgroundAnimateExtras(): predicted freeing of extra object
OBJ_ANI::OBJ_BackgroundAnimateExtras(): predicted freeing of extra object
OBJ_ANI::OBJ_BackgroundAnimateExtras(): predicted freeing of extra object
OBJ_ANI::OBJ_BackgroundAnimateExtras(): predicted freeing of extra object
OBJ_ANI::OBJ_BackgroundAnimateExtras(): predicted freeing of extra object
server has accepted our remove request.
NET_ExecRmEvCommandInfo: rmvok
Exiting Parsec...

 OPENPARSEC build 0198.
---------------------------------------------------
 mailto:parsec@parsec.org    http://www.parsec.org
---------------------------------------------------

 UNTESTED VERSION CURRENTLY UNDER DEVELOPMENT.
 PLEASE DO NOT SPREAD THIS VERSION!

---------------------------------------------------

Using the OpenGL subsystem as rendering device.
IP address: 10.1.2.69
TCP/IP networking support found.
Network game will be available.
Could not open mixer.
No available audio device
Booting game core.
Calculating colors...done.
isdl_joy: Found 0 joysticks.
Executing console script (boot.con)....
::loading position flares...................
::loading firebird..........
::loading bluespire.................
::loading cormoran........
::loading stingray.......
::loading claymore......
::loading hurricane....................
::loading assassin...........
::loading silverhawk......
::loading laser..........
::loading missiles......
::loading power-up generation...............
::loading power-ups...............................................
::loading stargate animation.................................
::loading stargate object.....
::loading panorama.......................................
::loading particle flare 01.
::loading particle flare 02.
::loading particle flare 03...
::loading particle flare 04.
::loading particle flare 05.
::loading lightning particles...............
::loading smoke particles.........................
::loading vaportrail.
::loading shockwave...............
::loading explosions...............................
::loading menu buttons.......................................
::loading logo animation..............................
::loading spacecraft viewer......
::loading cockpit..............................
::loading weapon icons........................................
::loading fonts.
::loading teleporter........
::loading samples.........................................................................................Adding Item with id=28, filename=(null), type=1

Script execution done.
--OpenGL driver info--
Vendor:
 NVIDIA Corporation
Renderer:
 GeForce 9800 GTX/9800 GTX+/PCIe/SSE2
Version:
 3.3.0 NVIDIA 310.32
starting up game core.
servername tulg.org resolved to 75.127.72.151
trying to establish connection...
ServerStream.Reset()
NET_ExecRmEvCommandInfo: chall 1451377135
server: tulg.org (1): has accepted our connect request.
our accepted local ip is: 68.34.226.100:37418.
slot: 0, maxplayers: 16.
#0: fragme
NET_ExecRmEvCommandInfo: acchost 68.34.226.100:37418 slot 0 max 16 svid 1 srv tulg.org
masterserver master.openparsec.com resolved to: 75.127.72.151
Getting List for 10
got server 10 from masterserver: 85.119.82.182:6582 at pos 10/10
NET_ExecRmEvCommandInfo: info s 10 r 4055 p 0/16 v 0.20 n spenced.com
state sync: 0=5.
state sync: 24=104.
state sync: 25=20.
state sync: 26=2.
state sync: 27=2.
state sync: 28=1.
state sync: 29=4.
RESYNC     1.0000     0.0000     0.0000  -960.0000 |     0.0000     1.0000     0.0000   784.0000 |     0.0000     0.0000     1.0000  -898.0000
#0: fragme
#1: bogus3
receiving client list update from server.
adding client 1 named bogus3 to list.
NET_ExecRmEvCommandInfo: addslot 1 nick bogus3
OBJ_COLL::CheckShipExtraCollision(): predicted freeing of extra object
alive is 400, lifetime is 400, delay is 0,  lifetime - delay is 400, delete object
OBJ_COLL::CheckShipExtraCollision(): predicted freeing of extra object
OBJ_COLL::CheckShipExtraCollision(): predicted freeing of extra object
alive is 400, lifetime is 400, delay is 0,  lifetime - delay is 400, delete object
OBJ_COLL::CheckShipExtraCollision(): predicted freeing of extra object
OBJ_COLL::CheckShipExtraCollision(): predicted freeing of extra object
OBJ_COLL::CheckShipExtraCollision(): predicted freeing of extra object
OBJ_COLL::CheckShipExtraCollision(): predicted freeing of extra object
OBJ_COLL::CheckShipExtraCollision(): predicted freeing of extra object
OBJ_COLL::CheckShipExtraCollision(): predicted freeing of extra object
OBJ_COLL::CheckShipExtraCollision(): predicted freeing of extra object
OBJ_COLL::CheckShipExtraCollision(): predicted freeing of extra object
OBJ_COLL::CheckShipExtraCollision(): predicted freeing of extra object
OBJ_COLL::CheckShipExtraCollision(): predicted freeing of extra object
OBJ_COLL::CheckShipExtraCollision(): predicted freeing of extra object
OBJ_COLL::CheckShipExtraCollision(): predicted freeing of extra object
OBJ_COLL::CheckShipExtraCollision(): predicted freeing of extra object
OBJ_COLL::CheckShipExtraCollision(): predicted freeing of extra object
OBJ_COLL::CheckShipExtraCollision(): predicted freeing of extra object
OBJ_COLL::CheckShipExtraCollision(): predicted freeing of extra object
OBJ_COLL::CheckShipExtraCollision(): predicted freeing of extra object
OBJ_COLL::CheckShipExtraCollision(): predicted freeing of extra object
OBJ_COLL::CheckShipExtraCollision(): predicted freeing of extra object
OBJ_COLL::CheckShipExtraCollision(): predicted freeing of extra object
OBJ_COLL::CheckShipExtraCollision(): predicted freeing of extra object
OBJ_COLL::CheckShipExtraCollision(): predicted freeing of extra object

 OPENPARSEC build 0198.
---------------------------------------------------
 mailto:parsec@parsec.org    http://www.parsec.org
---------------------------------------------------

 UNTESTED VERSION CURRENTLY UNDER DEVELOPMENT.
 PLEASE DO NOT SPREAD THIS VERSION!

---------------------------------------------------

Using the OpenGL subsystem as rendering device.
IP address: 10.1.2.69
TCP/IP networking support found.
Network game will be available.
Could not open mixer.
No available audio device
Booting game core.
Calculating colors...done.
isdl_joy: Found 0 joysticks.
Executing console script (boot.con)....
::loading position flares...................
::loading firebird..........
::loading bluespire.................
::loading cormoran........
::loading stingray.......
::loading claymore......
::loading hurricane....................
::loading assassin...........
::loading silverhawk......
::loading laser..........
::loading missiles......
::loading power-up generation...............
::loading power-ups...............................................
::loading stargate animation.................................
::loading stargate object.....
::loading panorama.......................................
::loading particle flare 01.
::loading particle flare 02.
::loading particle flare 03...
::loading particle flare 04.
::loading particle flare 05.
::loading lightning particles...............
::loading smoke particles.........................
::loading vaportrail.
::loading shockwave...............
::loading explosions...............................
::loading menu buttons.......................................
::loading logo animation..............................
::loading spacecraft viewer......
::loading cockpit..............................
::loading weapon icons........................................
::loading fonts.
::loading teleporter........
::loading samples.........................................................................................Adding Item with id=28, filename=(null), type=1

Script execution done.
--OpenGL driver info--
Vendor:
 NVIDIA Corporation
Renderer:
 GeForce 9800 GTX/9800 GTX+/PCIe/SSE2
Version:
 3.3.0 NVIDIA 310.32
starting up game core.
servername tulg.org resolved to 75.127.72.151
trying to establish connection...
ServerStream.Reset()
NET_ExecRmEvCommandInfo: chall 713287022
server: tulg.org (1): has accepted our connect request.
our accepted local ip is: 68.34.226.100:52111.
slot: 2, maxplayers: 16.
#2: fragme2
NET_ExecRmEvCommandInfo: acchost 68.34.226.100:52111 slot 2 max 16 svid 1 srv tulg.org
#0: fragme
#2: fragme2
receiving client list update from server.
adding client 0 named fragme to list.
NET_ExecRmEvCommandInfo: addslot 0 nick fragme
#0: fragme
#1: bogus3
#2: fragme2
receiving client list update from server.
adding client 2 named fragme2 to list.
NET_ExecRmEvCommandInfo: addslot 2 nick fragme2
#0: fragme
#1: bogus3
#2: fragme2
receiving client list update from server.
adding client 1 named bogus3 to list.
NET_ExecRmEvCommandInfo: addslot 1 nick bogus3
masterserver master.openparsec.com resolved to: 75.127.72.151
Getting List for 10
got server 10 from masterserver: 85.119.82.182:6582 at pos 10/10
NET_ExecRmEvCommandInfo: info s 10 r 8315 p 0/16 v 0.20 n spenced.com
state sync: 0=5.
state sync: 24=104.
state sync: 25=20.
state sync: 26=2.
state sync: 27=2.
state sync: 28=1.
state sync: 29=4.
RESYNC     1.0000     0.0000     0.0000  -573.0000 |     0.0000     1.0000     0.0000  -847.0000 |     0.0000     0.0000     1.0000   965.0000
OBJ_COLL::CheckShipExtraCollision(): predicted freeing of extra object
OBJ_COLL::CheckShipExtraCollision(): predicted freeing of extra object
OBJ_COLL::CheckShipExtraCollision(): predicted freeing of extra object
OBJ_COLL::CheckShipExtraCollision(): predicted freeing of extra object
OBJ_COLL::CheckShipExtraCollision(): predicted freeing of extra object
OBJ_COLL::CheckShipExtraCollision(): predicted freeing of extra object
OBJ_COLL::CheckShipExtraCollision(): predicted freeing of extra object
OBJ_COLL::CheckShipExtraCollision(): predicted freeing of extra object
OBJ_COLL::CheckShipExtraCollision(): predicted freeing of extra object
OBJ_COLL::CheckShipExtraCollision(): predicted freeing of extra object
OBJ_COLL::CheckShipExtraCollision(): predicted freeing of extra object
OBJ_COLL::CheckShipExtraCollision(): predicted freeing of extra object
OBJ_COLL::CheckShipExtraCollision(): predicted freeing of extra object
OBJ_COLL::CheckShipExtraCollision(): predicted freeing of extra object
OBJ_COLL::CheckShipExtraCollision(): predicted freeing of extra object
OBJ_COLL::CheckShipExtraCollision(): predicted freeing of extra object
OBJ_COLL::CheckShipExtraCollision(): predicted freeing of extra object
OBJ_COLL::CheckShipExtraCollision(): predicted freeing of extra object
OBJ_COLL::CheckShipExtraCollision(): predicted freeing of extra object
OBJ_COLL::CheckShipExtraCollision(): predicted freeing of extra object
OBJ_COLL::CheckShipExtraCollision(): predicted freeing of extra object
OBJ_COLL::CheckShipExtraCollision(): predicted freeing of extra object
OBJ_COLL::CheckShipExtraCollision(): predicted freeing of extra object
OBJ_COLL::CheckShipExtraCollision(): predicted freeing of extra object
OBJ_COLL::CheckShipExtraCollision(): predicted freeing of extra object
OBJ_COLL::CheckShipExtraCollision(): predicted freeing of extra object
OBJ_COLL::CheckShipExtraCollision(): predicted freeing of extra object
OBJ_COLL::CheckShipExtraCollision(): predicted freeing of extra object
OBJ_COLL::CheckShipExtraCollision(): predicted freeing of extra object
OBJ_COLL::CheckShipExtraCollision(): predicted freeing of extra object
OBJ_COLL::CheckShipExtraCollision(): predicted freeing of extra object
OBJ_COLL::CheckShipExtraCollision(): predicted freeing of extra object
OBJ_COLL::CheckShipExtraCollision(): predicted freeing of extra object
OBJ_COLL::CheckShipExtraCollision(): predicted freeing of extra object
OBJ_COLL::CheckShipExtraCollision(): predicted freeing of extra object
OBJ_COLL::CheckShipExtraCollision(): predicted freeing of extra object
OBJ_COLL::CheckShipExtraCollision(): predicted freeing of extra object
OBJ_COLL::CheckShipExtraCollision(): predicted freeing of extra object
OBJ_COLL::CheckShipExtraCollision(): predicted freeing of extra object
OBJ_COLL::CheckShipExtraCollision(): predicted freeing of extra object
OBJ_COLL::CheckShipExtraCollision(): predicted freeing of extra object
OBJ_COLL::CheckShipExtraCollision(): predicted freeing of extra object
OBJ_COLL::CheckShipExtraCollision(): predicted freeing of extra object
OBJ_COLL::CheckShipExtraCollision(): predicted freeing of extra object
OBJ_COLL::CheckShipExtraCollision(): predicted freeing of extra object
OBJ_COLL::CheckShipExtraCollision(): predicted freeing of extra object
OBJ_COLL::CheckShipExtraCollision(): predicted freeing of extra object
OBJ_COLL::CheckShipExtraCollision(): predicted freeing of extra object
OBJ_COLL::CheckShipExtraCollision(): predicted freeing of extra object
OBJ_COLL::CheckShipExtraCollision(): predicted freeing of extra object
OBJ_COLL::CheckShipExtraCollision(): predicted freeing of extra object
OBJ_COLL::CheckShipExtraCollision(): predicted freeing of extra object
OBJ_COLL::CheckShipExtraCollision(): predicted freeing of extra object
OBJ_COLL::CheckShipExtraCollision(): predicted freeing of extra object
OBJ_COLL::CheckShipExtraCollision(): predicted freeing of extra object
OBJ_COLL::CheckShipExtraCollision(): predicted freeing of extra object
OBJ_COLL::CheckShipExtraCollision(): predicted freeing of extra object
OBJ_COLL::CheckShipExtraCollision(): predicted freeing of extra object
OBJ_COLL::CheckShipExtraCollision(): predicted freeing of extra object
OBJ_COLL::CheckShipExtraCollision(): predicted freeing of extra object
OBJ_COLL::CheckShipExtraCollision(): predicted freeing of extra object
OBJ_COLL::CheckShipExtraCollision(): predicted freeing of extra object
OBJ_COLL::CheckShipExtraCollision(): predicted freeing of extra object
OBJ_COLL::CheckShipExtraCollision(): predicted freeing of extra object
OBJ_COLL::CheckShipExtraCollision(): predicted freeing of extra object
OBJ_COLL::CheckShipExtraCollision(): predicted freeing of extra object
OBJ_COLL::CheckShipExtraCollision(): predicted freeing of extra object
OBJ_COLL::CheckShipExtraCollision(): predicted freeing of extra object
OBJ_COLL::CheckShipExtraCollision(): predicted freeing of extra object
OBJ_COLL::CheckShipExtraCollision(): predicted freeing of extra object
OBJ_COLL::CheckShipExtraCollision(): predicted freeing of extra object
OBJ_COLL::CheckShipExtraCollision(): predicted freeing of extra object
OBJ_COLL::CheckShipExtraCollision(): predicted freeing of extra object
OBJ_COLL::CheckShipExtraCollision(): predicted freeing of extra object
OBJ_COLL::CheckShipExtraCollision(): predicted freeing of extra object
OBJ_COLL::CheckShipExtraCollision(): predicted freeing of extra object
OBJ_COLL::CheckShipExtraCollision(): predicted freeing of extra object
OBJ_COLL::CheckShipExtraCollision(): predicted freeing of extra object
OBJ_COLL::CheckShipExtraCollision(): predicted freeing of extra object
OBJ_COLL::CheckShipExtraCollision(): predicted freeing of extra object
OBJ_COLL::CheckShipExtraCollision(): predicted freeing of extra object
OBJ_COLL::CheckShipExtraCollision(): predicted freeing of extra object
OBJ_COLL::CheckShipExtraCollision(): predicted freeing of extra object
OBJ_COLL::CheckShipExtraCollision(): predicted freeing of extra object
OBJ_COLL::CheckShipExtraCollision(): predicted freeing of extra object
OBJ_COLL::CheckShipExtraCollision(): predicted freeing of extra object
OBJ_COLL::CheckShipExtraCollision(): predicted freeing of extra object
OBJ_COLL::CheckShipExtraCollision(): predicted freeing of extra object
OBJ_COLL::CheckShipExtraCollision(): predicted freeing of extra object
OBJ_COLL::CheckShipExtraCollision(): predicted freeing of extra object
OBJ_COLL::CheckShipExtraCollision(): predicted freeing of extra object
OBJ_COLL::CheckShipExtraCollision(): predicted freeing of extra object
OBJ_COLL::CheckShipExtraCollision(): predicted freeing of extra object
OBJ_COLL::CheckShipExtraCollision(): predicted freeing of extra object
OBJ_COLL::CheckShipExtraCollision(): predicted freeing of extra object
OBJ_COLL::CheckShipExtraCollision(): predicted freeing of extra object
alive is 401, lifetime is 400, delay is 0,  lifetime - delay is 400, delete object
alive is 401, lifetime is 400, delay is 0,  lifetime - delay is 400, delete object
alive is 401, lifetime is 400, delay is 0,  lifetime - delay is 400, delete object
alive is 400, lifetime is 400, delay is 0,  lifetime - delay is 400, delete object
OBJ_COLL::CheckShipExtraCollision(): predicted freeing of extra object
OBJ_COLL::CheckShipExtraCollision(): predicted freeing of extra object
OBJ_COLL::CheckShipExtraCollision(): predicted freeing of extra object
OBJ_COLL::CheckShipExtraCollision(): predicted freeing of extra object
OBJ_COLL::CheckShipExtraCollision(): predicted freeing of extra object
OBJ_COLL::CheckShipExtraCollision(): predicted freeing of extra object
OBJ_COLL::CheckShipExtraCollision(): predicted freeing of extra object
alive is 400, lifetime is 400, delay is 0,  lifetime - delay is 400, delete object
alive is 400, lifetime is 400, delay is 0,  lifetime - delay is 400, delete object
OBJ_COLL::CheckShipExtraCollision(): predicted freeing of extra object
OBJ_COLL::CheckShipExtraCollision(): predicted freeing of extra object
OBJ_COLL::CheckShipExtraCollision(): predicted freeing of extra object
OBJ_COLL::CheckShipExtraCollision(): predicted freeing of extra object
OBJ_COLL::CheckShipExtraCollision(): predicted freeing of extra object
OBJ_COLL::CheckShipExtraCollision(): predicted freeing of extra object
OBJ_COLL::CheckShipExtraCollision(): predicted freeing of extra object
OBJ_COLL::CheckShipExtraCollision(): predicted freeing of extra object
OBJ_COLL::CheckShipExtraCollision(): predicted freeing of extra object
OBJ_COLL::CheckShipExtraCollision(): predicted freeing of extra object
OBJ_COLL::CheckShipExtraCollision(): predicted freeing of extra object
OBJ_COLL::CheckShipExtraCollision(): predicted freeing of extra object
OBJ_COLL::CheckShipExtraCollision(): predicted freeing of extra object
OBJ_COLL::CheckShipExtraCollision(): predicted freeing of extra object
OBJ_COLL::CheckShipExtraCollision(): predicted freeing of extra object
OBJ_COLL::CheckShipExtraCollision(): predicted freeing of extra object
OBJ_COLL::CheckShipExtraCollision(): predicted freeing of extra object
OBJ_COLL::CheckShipExtraCollision(): predicted freeing of extra object
OBJ_COLL::CheckShipExtraCollision(): predicted freeing of extra object
OBJ_COLL::CheckShipExtraCollision(): predicted freeing of extra object
OBJ_COLL::CheckShipExtraCollision(): predicted freeing of extra object
OBJ_COLL::CheckShipExtraCollision(): predicted freeing of extra object
OBJ_COLL::CheckShipExtraCollision(): predicted freeing of extra object
OBJ_COLL::CheckShipExtraCollision(): predicted freeing of extra object
OBJ_COLL::CheckShipExtraCollision(): predicted freeing of extra object
OBJ_COLL::CheckShipExtraCollision(): predicted freeing of extra object
OBJ_COLL::CheckShipExtraCollision(): predicted freeing of extra object
OBJ_COLL::CheckShipExtraCollision(): predicted freeing of extra object
OBJ_COLL::CheckShipExtraCollision(): predicted freeing of extra object
OBJ_COLL::CheckShipExtraCollision(): predicted freeing of extra object
OBJ_COLL::CheckShipExtraCollision(): predicted freeing of extra object
OBJ_COLL::CheckShipExtraCollision(): predicted freeing of extra object
OBJ_COLL::CheckShipExtraCollision(): predicted freeing of extra object
OBJ_COLL::CheckShipExtraCollision(): predicted freeing of extra object
OBJ_COLL::CheckShipExtraCollision(): predicted freeing of extra object
OBJ_COLL::CheckShipExtraCollision(): predicted freeing of extra object
OBJ_COLL::CheckShipExtraCollision(): predicted freeing of extra object
OBJ_COLL::CheckShipExtraCollision(): predicted freeing of extra object
OBJ_COLL::CheckShipExtraCollision(): predicted freeing of extra object
OBJ_COLL::CheckShipExtraCollision(): predicted freeing of extra object
OBJ_COLL::CheckShipExtraCollision(): predicted freeing of extra object
OBJ_COLL::CheckShipExtraCollision(): predicted freeing of extra object
OBJ_COLL::CheckShipExtraCollision(): predicted freeing of extra object
OBJ_COLL::CheckShipExtraCollision(): predicted freeing of extra object
OBJ_COLL::CheckShipExtraCollision(): predicted freeing of extra object
OBJ_COLL::CheckShipExtraCollision(): predicted freeing of extra object
OBJ_COLL::CheckShipExtraCollision(): predicted freeing of extra object
OBJ_COLL::CheckShipExtraCollision(): predicted freeing of extra object
OBJ_COLL::CheckShipExtraCollision(): predicted freeing of extra object
OBJ_COLL::CheckShipExtraCollision(): predicted freeing of extra object
OBJ_COLL::CheckShipExtraCollision(): predicted freeing of extra object
OBJ_COLL::CheckShipExtraCollision(): predicted freeing of extra object
OBJ_COLL::CheckShipExtraCollision(): predicted freeing of extra object
OBJ_COLL::CheckShipExtraCollision(): predicted freeing of extra object
OBJ_COLL::CheckShipExtraCollision(): predicted freeing of extra object
OBJ_COLL::CheckShipExtraCollision(): predicted freeing of extra object
OBJ_COLL::CheckShipExtraCollision(): predicted freeing of extra object
OBJ_COLL::CheckShipExtraCollision(): predicted freeing of extra object
OBJ_COLL::CheckShipExtraCollision(): predicted freeing of extra object
OBJ_COLL::CheckShipExtraCollision(): predicted freeing of extra object
OBJ_COLL::CheckShipExtraCollision(): predicted freeing of extra object
OBJ_COLL::CheckShipExtraCollision(): predicted freeing of extra object
OBJ_COLL::CheckShipExtraCollision(): predicted freeing of extra object
OBJ_COLL::CheckShipExtraCollision(): predicted freeing of extra object
OBJ_COLL::CheckShipExtraCollision(): predicted freeing of extra object
OBJ_COLL::CheckShipExtraCollision(): predicted freeing of extra object
OBJ_COLL::CheckShipExtraCollision(): predicted freeing of extra object
OBJ_COLL::CheckShipExtraCollision(): predicted freeing of extra object
OBJ_COLL::CheckShipExtraCollision(): predicted freeing of extra object
OBJ_COLL::CheckShipExtraCollision(): predicted freeing of extra object
OBJ_COLL::CheckShipExtraCollision(): predicted freeing of extra object
OBJ_COLL::CheckShipExtraCollision(): predicted freeing of extra object
OBJ_COLL::CheckShipExtraCollision(): predicted freeing of extra object
OBJ_COLL::CheckShipExtraCollision(): predicted freeing of extra object
OBJ_COLL::CheckShipExtraCollision(): predicted freeing of extra object
OBJ_COLL::CheckShipExtraCollision(): predicted freeing of extra object
OBJ_COLL::CheckShipExtraCollision(): predicted freeing of extra object
OBJ_COLL::CheckShipExtraCollision(): predicted freeing of extra object
OBJ_COLL::CheckShipExtraCollision(): predicted freeing of extra object
OBJ_COLL::CheckShipExtraCollision(): predicted freeing of extra object
OBJ_COLL::CheckShipExtraCollision(): predicted freeing of extra object
OBJ_COLL::CheckShipExtraCollision(): predicted freeing of extra object
OBJ_COLL::CheckShipExtraCollision(): predicted freeing of extra object
OBJ_COLL::CheckShipExtraCollision(): predicted freeing of extra object
OBJ_COLL::CheckShipExtraCollision(): predicted freeing of extra object
OBJ_COLL::CheckShipExtraCollision(): predicted freeing of extra object
OBJ_COLL::CheckShipExtraCollision(): predicted freeing of extra object
OBJ_COLL::CheckShipExtraCollision(): predicted freeing of extra object
OBJ_COLL::CheckShipExtraCollision(): predicted freeing of extra object
OBJ_COLL::CheckShipExtraCollision(): predicted freeing of extra object
OBJ_COLL::CheckShipExtraCollision(): predicted freeing of extra object
OBJ_COLL::CheckShipExtraCollision(): predicted freeing of extra object
OBJ_COLL::CheckShipExtraCollision(): predicted freeing of extra object
alive is 400, lifetime is 400, delay is 0,  lifetime - delay is 400, delete object
alive is 400, lifetime is 400, delay is 0,  lifetime - delay is 400, delete object
OBJ_COLL::CheckShipExtraCollision(): predicted freeing of extra object
OBJ_COLL::CheckShipExtraCollision(): predicted freeing of extra object
OBJ_COLL::CheckShipExtraCollision(): predicted freeing of extra object
OBJ_COLL::CheckShipExtraCollision(): predicted freeing of extra object
alive is 400, lifetime is 400, delay is 0,  lifetime - delay is 400, delete object
alive is 400, lifetime is 400, delay is 0,  lifetime - delay is 400, delete object
OBJ_COLL::CheckShipExtraCollision(): predicted freeing of extra object
OBJ_COLL::CheckShipExtraCollision(): predicted freeing of extra object
alive is 400, lifetime is 400, delay is 0,  lifetime - delay is 400, delete object
alive is 400, lifetime is 400, delay is 0,  lifetime - delay is 400, delete object
OBJ_COLL::CheckShipExtraCollision(): predicted freeing of extra object
OBJ_COLL::CheckShipExtraCollision(): predicted freeing of extra object
OBJ_COLL::CheckShipExtraCollision(): predicted freeing of extra object
OBJ_COLL::CheckShipExtraCollision(): predicted freeing of extra object
OBJ_COLL::CheckShipExtraCollision(): predicted freeing of extra object
alive is 400, lifetime is 400, delay is 0,  lifetime - delay is 400, delete object
alive is 400, lifetime is 400, delay is 0,  lifetime - delay is 400, delete object
OBJ_COLL::CheckShipExtraCollision(): predicted freeing of extra object
OBJ_COLL::CheckShipExtraCollision(): predicted freeing of extra object
OBJ_COLL::CheckShipExtraCollision(): predicted freeing of extra object
OBJ_COLL::CheckShipExtraCollision(): predicted freeing of extra object
OBJ_COLL::CheckShipExtraCollision(): predicted freeing of extra object
alive is 400, lifetime is 400, delay is 0,  lifetime - delay is 400, delete object
alive is 400, lifetime is 400, delay is 0,  lifetime - delay is 400, delete object
OBJ_COLL::CheckShipExtraCollision(): predicted freeing of extra object
OBJ_COLL::CheckShipExtraCollision(): predicted freeing of extra object
OBJ_COLL::CheckShipExtraCollision(): predicted freeing of extra object
OBJ_COLL::CheckShipExtraCollision(): predicted freeing of extra object
OBJ_COLL::CheckShipExtraCollision(): predicted freeing of extra object
OBJ_COLL::CheckShipExtraCollision(): predicted freeing of extra object
OBJ_COLL::CheckShipExtraCollision(): predicted freeing of extra object
OBJ_COLL::CheckShipExtraCollision(): predicted freeing of extra object
OBJ_COLL::CheckShipExtraCollision(): predicted freeing of extra object
OBJ_COLL::CheckShipExtraCollision(): predicted freeing of extra object
OBJ_COLL::CheckShipExtraCollision(): predicted freeing of extra object
OBJ_COLL::CheckShipExtraCollision(): predicted freeing of extra object
OBJ_COLL::CheckShipExtraCollision(): predicted freeing of extra object
OBJ_COLL::CheckShipExtraCollision(): predicted freeing of extra object
OBJ_COLL::CheckShipExtraCollision(): predicted freeing of extra object
OBJ_COLL::CheckShipExtraCollision(): predicted freeing of extra object
OBJ_COLL::CheckShipExtraCollision(): predicted freeing of extra object
OBJ_COLL::CheckShipExtraCollision(): predicted freeing of extra object
OBJ_COLL::CheckShipExtraCollision(): predicted freeing of extra object
OBJ_COLL::CheckShipExtraCollision(): predicted freeing of extra object
OBJ_COLL::CheckShipExtraCollision(): predicted freeing of extra object
OBJ_COLL::CheckShipExtraCollision(): predicted freeing of extra object
OBJ_COLL::CheckShipExtraCollision(): predicted freeing of extra object
OBJ_COLL::CheckShipExtraCollision(): predicted freeing of extra object
OBJ_COLL::CheckShipExtraCollision(): predicted freeing of extra object
OBJ_COLL::CheckShipExtraCollision(): predicted freeing of extra object
OBJ_COLL::CheckShipExtraCollision(): predicted freeing of extra object
OBJ_COLL::CheckShipExtraCollision(): predicted freeing of extra object
OBJ_COLL::CheckShipExtraCollision(): predicted freeing of extra object
OBJ_COLL::CheckShipExtraCollision(): predicted freeing of extra object
OBJ_COLL::CheckShipExtraCollision(): predicted freeing of extra object
OBJ_COLL::CheckShipExtraCollision(): predicted freeing of extra object
OBJ_COLL::CheckShipExtraCollision(): predicted freeing of extra object
OBJ_COLL::CheckShipExtraCollision(): predicted freeing of extra object
OBJ_COLL::CheckShipExtraCollision(): predicted freeing of extra object
OBJ_COLL::CheckShipExtraCollision(): predicted freeing of extra object
OBJ_COLL::CheckShipExtraCollision(): predicted freeing of extra object
OBJ_COLL::CheckShipExtraCollision(): predicted freeing of extra object
OBJ_COLL::CheckShipExtraCollision(): predicted freeing of extra object
OBJ_COLL::CheckShipExtraCollision(): predicted freeing of extra object
OBJ_COLL::CheckShipExtraCollision(): predicted freeing of extra object
OBJ_COLL::CheckShipExtraCollision(): predicted freeing of extra object
OBJ_COLL::CheckShipExtraCollision(): predicted freeing of extra object
OBJ_COLL::CheckShipExtraCollision(): predicted freeing of extra object
OBJ_COLL::CheckShipExtraCollision(): predicted freeing of extra object
OBJ_COLL::CheckShipExtraCollision(): predicted freeing of extra object
OBJ_COLL::CheckShipExtraCollision(): predicted freeing of extra object
OBJ_COLL::CheckShipExtraCollision(): predicted freeing of extra object
OBJ_COLL::CheckShipExtraCollision(): predicted freeing of extra object
OBJ_COLL::CheckShipExtraCollision(): predicted freeing of extra object
OBJ_COLL::CheckShipExtraCollision(): predicted freeing of extra object
OBJ_COLL::CheckShipExtraCollision(): predicted freeing of extra object
OBJ_COLL::CheckShipExtraCollision(): predicted freeing of extra object
OBJ_COLL::CheckShipExtraCollision(): predicted freeing of extra object
OBJ_COLL::CheckShipExtraCollision(): predicted freeing of extra object
OBJ_COLL::CheckShipExtraCollision(): predicted freeing of extra object
OBJ_COLL::CheckShipExtraCollision(): predicted freeing of extra object
OBJ_COLL::CheckShipExtraCollision(): predicted freeing of extra object
OBJ_COLL::CheckShipExtraCollision(): predicted freeing of extra object
OBJ_COLL::CheckShipExtraCollision(): predicted freeing of extra object
OBJ_COLL::CheckShipExtraCollision(): predicted freeing of extra object
OBJ_COLL::CheckShipExtraCollision(): predicted freeing of extra object
OBJ_COLL::CheckShipExtraCollision(): predicted freeing of extra object
OBJ_COLL::CheckShipExtraCollision(): predicted freeing of extra object
OBJ_COLL::CheckShipExtraCollision(): predicted freeing of extra object
OBJ_COLL::CheckShipExtraCollision(): predicted freeing of extra object
OBJ_COLL::CheckShipExtraCollision(): predicted freeing of extra object
OBJ_COLL::CheckShipExtraCollision(): predicted freeing of extra object
OBJ_COLL::CheckShipExtraCollision(): predicted freeing of extra object
OBJ_COLL::CheckShipExtraCollision(): predicted freeing of extra object
OBJ_COLL::CheckShipExtraCollision(): predicted freeing of extra object
OBJ_COLL::CheckShipExtraCollision(): predicted freeing of extra object
OBJ_COLL::CheckShipExtraCollision(): predicted freeing of extra object
OBJ_COLL::CheckShipExtraCollision(): predicted freeing of extra object
OBJ_COLL::CheckShipExtraCollision(): predicted freeing of extra object
OBJ_COLL::CheckShipExtraCollision(): predicted freeing of extra object
OBJ_COLL::CheckShipExtraCollision(): predicted freeing of extra object
OBJ_COLL::CheckShipExtraCollision(): predicted freeing of extra object
OBJ_COLL::CheckShipExtraCollision(): predicted freeing of extra object
OBJ_COLL::CheckShipExtraCollision(): predicted freeing of extra object
OBJ_COLL::CheckShipExtraCollision(): predicted freeing of extra object
OBJ_COLL::CheckShipExtraCollision(): predicted freeing of extra object
OBJ_COLL::CheckShipExtraCollision(): predicted freeing of extra object
OBJ_COLL::CheckShipExtraCollision(): predicted freeing of extra object
OBJ_COLL::CheckShipExtraCollision(): predicted freeing of extra object
OBJ_COLL::CheckShipExtraCollision(): predicted freeing of extra object
OBJ_COLL::CheckShipExtraCollision(): predicted freeing of extra object
OBJ_COLL::CheckShipExtraCollision(): predicted freeing of extra object
OBJ_COLL::CheckShipExtraCollision(): predicted freeing of extra object
OBJ_COLL::CheckShipExtraCollision(): predicted freeing of extra object
OBJ_COLL::CheckShipExtraCollision(): predicted freeing of extra object
OBJ_COLL::CheckShipExtraCollision(): predicted freeing of extra object
OBJ_COLL::CheckShipExtraCollision(): predicted freeing of extra object
OBJ_COLL::CheckShipExtraCollision(): predicted freeing of extra object
OBJ_COLL::CheckShipExtraCollision(): predicted freeing of extra object
OBJ_COLL::CheckShipExtraCollision(): predicted freeing of extra object
OBJ_COLL::CheckShipExtraCollision(): predicted freeing of extra object
OBJ_COLL::CheckShipExtraCollision(): predicted freeing of extra object
OBJ_COLL::CheckShipExtraCollision(): predicted freeing of extra object
OBJ_COLL::CheckShipExtraCollision(): predicted freeing of extra object
OBJ_COLL::CheckShipExtraCollision(): predicted freeing of extra object
OBJ_COLL::CheckShipExtraCollision(): predicted freeing of extra object
OBJ_COLL::CheckShipExtraCollision(): predicted freeing of extra object
OBJ_COLL::CheckShipExtraCollision(): predicted freeing of extra object
OBJ_COLL::CheckShipExtraCollision(): predicted freeing of extra object
OBJ_COLL::CheckShipExtraCollision(): predicted freeing of extra object
OBJ_COLL::CheckShipExtraCollision(): predicted freeing of extra object
OBJ_COLL::CheckShipExtraCollision(): predicted freeing of extra object
OBJ_COLL::CheckShipExtraCollision(): predicted freeing of extra object
OBJ_COLL::CheckShipExtraCollision(): predicted freeing of extra object
OBJ_COLL::CheckShipExtraCollision(): predicted freeing of extra object
OBJ_COLL::CheckShipExtraCollision(): predicted freeing of extra object
OBJ_COLL::CheckShipExtraCollision(): predicted freeing of extra object
OBJ_COLL::CheckShipExtraCollision(): predicted freeing of extra object
OBJ_COLL::CheckShipExtraCollision(): predicted freeing of extra object
OBJ_COLL::CheckShipExtraCollision(): predicted freeing of extra object
OBJ_COLL::CheckShipExtraCollision(): predicted freeing of extra object
OBJ_COLL::CheckShipExtraCollision(): predicted freeing of extra object
OBJ_COLL::CheckShipExtraCollision(): predicted freeing of extra object
OBJ_COLL::CheckShipExtraCollision(): predicted freeing of extra object
OBJ_COLL::CheckShipExtraCollision(): predicted freeing of extra object
OBJ_COLL::CheckShipExtraCollision(): predicted freeing of extra object
OBJ_COLL::CheckShipExtraCollision(): predicted freeing of extra object
OBJ_COLL::CheckShipExtraCollision(): predicted freeing of extra object
OBJ_COLL::CheckShipExtraCollision(): predicted freeing of extra object
OBJ_COLL::CheckShipExtraCollision(): predicted freeing of extra object
OBJ_COLL::CheckShipExtraCollision(): predicted freeing of extra object
OBJ_COLL::CheckShipExtraCollision(): predicted freeing of extra object
OBJ_COLL::CheckShipExtraCollision(): predicted freeing of extra object
OBJ_COLL::CheckShipExtraCollision(): predicted freeing of extra object
OBJ_COLL::CheckShipExtraCollision(): predicted freeing of extra object
OBJ_COLL::CheckShipExtraCollision(): predicted freeing of extra object
OBJ_COLL::CheckShipExtraCollision(): predicted freeing of extra object
OBJ_COLL::CheckShipExtraCollision(): predicted freeing of extra object
OBJ_COLL::CheckShipExtraCollision(): predicted freeing of extra object
OBJ_COLL::CheckShipExtraCollision(): predicted freeing of extra object
OBJ_COLL::CheckShipExtraCollision(): predicted freeing of extra object
OBJ_COLL::CheckShipExtraCollision(): predicted freeing of extra object
OBJ_COLL::CheckShipExtraCollision(): predicted freeing of extra object
OBJ_COLL::CheckShipExtraCollision(): predicted freeing of extra object
OBJ_COLL::CheckShipExtraCollision(): predicted freeing of extra object
OBJ_COLL::CheckShipExtraCollision(): predicted freeing of extra object
OBJ_COLL::CheckShipExtraCollision(): predicted freeing of extra object
OBJ_COLL::CheckShipExtraCollision(): predicted freeing of extra object
OBJ_COLL::CheckShipExtraCollision(): predicted freeing of extra object
OBJ_COLL::CheckShipExtraCollision(): predicted freeing of extra object
OBJ_COLL::CheckShipExtraCollision(): predicted freeing of extra object
OBJ_COLL::CheckShipExtraCollision(): predicted freeing of extra object
OBJ_COLL::CheckShipExtraCollision(): predicted freeing of extra object
OBJ_COLL::CheckShipExtraCollision(): predicted freeing of extra object
OBJ_COLL::CheckShipExtraCollision(): predicted freeing of extra object
OBJ_COLL::CheckShipExtraCollision(): predicted freeing of extra object
OBJ_COLL::CheckShipExtraCollision(): predicted freeing of extra object
OBJ_COLL::CheckShipExtraCollision(): predicted freeing of extra object
OBJ_COLL::CheckShipExtraCollision(): predicted freeing of extra object
OBJ_COLL::CheckShipExtraCollision(): predicted freeing of extra object
#0: fragme
#2: fragme2
receiving client list update from server.
removing client 1 from list.
NET_ExecRmEvCommandInfo: rmvslot 1
#0: fragme
#2: fragme2
receiving client list update from server.
removing client 1 from list.
NET_ExecRmEvCommandInfo: rmvslot 1
OBJ_COLL::CheckShipExtraCollision(): predicted freeing of extra object
OBJ_COLL::CheckShipExtraCollision(): predicted freeing of extra object
OBJ_COLL::CheckShipExtraCollision(): predicted freeing of extra object
OBJ_COLL::CheckShipExtraCollision(): predicted freeing of extra object
server has accepted our remove request.
NET_ExecRmEvCommandInfo: rmvok
#2: fragme2
receiving client list update from server.
removing client 0 from list.
NET_ExecRmEvCommandInfo: rmvslot 0
Exiting Parsec...
OBJ_COLL::CheckShipExtraCollision(): predicted freeing of extra object
OBJ_COLL::CheckShipExtraCollision(): predicted freeing of extra object
OBJ_COLL::CheckShipExtraCollision(): predicted freeing of extra object
OBJ_COLL::CheckShipExtraCollision(): predicted freeing of extra object
OBJ_COLL::CheckShipExtraCollision(): predicted freeing of extra object
OBJ_COLL::CheckShipExtraCollision(): predicted freeing of extra object
OBJ_COLL::CheckShipExtraCollision(): predicted freeing of extra object
OBJ_COLL::CheckShipExtraCollision(): predicted freeing of extra object
OBJ_COLL::CheckShipExtraCollision(): predicted freeing of extra object
OBJ_COLL::CheckShipExtraCollision(): predicted freeing of extra object
OBJ_COLL::CheckShipExtraCollision(): predicted freeing of extra object
OBJ_COLL::CheckShipExtraCollision(): predicted freeing of extra object
OBJ_COLL::CheckShipExtraCollision(): predicted freeing of extra object
OBJ_COLL::CheckShipExtraCollision(): predicted freeing of extra object
OBJ_COLL::CheckShipExtraCollision(): predicted freeing of extra object
OBJ_COLL::CheckShipExtraCollision(): predicted freeing of extra object
OBJ_COLL::CheckShipExtraCollision(): predicted freeing of extra object
OBJ_COLL::CheckShipExtraCollision(): predicted freeing of extra object
OBJ_COLL::CheckShipExtraCollision(): predicted freeing of extra object
OBJ_COLL::CheckShipExtraCollision(): predicted freeing of extra object
OBJ_COLL::CheckShipExtraCollision(): predicted freeing of extra object
OBJ_COLL::CheckShipExtraCollision(): predicted freeing of extra object
OBJ_COLL::CheckShipExtraCollision(): predicted freeing of extra object
OBJ_COLL::CheckShipExtraCollision(): predicted freeing of extra object
OBJ_ANI::OBJ_BackgroundAnimateExtras(): predicted freeing of extra object
server has accepted our remove request.
NET_ExecRmEvCommandInfo: rmvok
Exiting Parsec...
